  [4;36;1mSQL (0.001832)[0m   [0;1m SELECT name
 FROM sqlite_master
 WHERE type = 'table' AND NOT name = 'sqlite_sequence'
[0m
  [4;35;1mSQL (0.000278)[0m   [0mselect sqlite_version(*)[0m
  [4;36;1mSQL (0.002126)[0m   [0;1mCREATE TABLE "schema_migrations" ("version" varchar(255) NOT NULL) [0m
  [4;35;1mSQL (0.001272)[0m   [0mCREATE UNIQUE INDEX "unique_schema_migrations" ON "schema_migrations" ("version")[0m
  [4;36;1mSQL (0.000190)[0m   [0;1m SELECT name
 FROM sqlite_master
 WHERE type = 'table' AND NOT name = 'sqlite_sequence'
[0m
  [4;35;1mSQL (0.000095)[0m   [0mSELECT version FROM schema_migrations[0m
  [4;36;1mSQL (0.002402)[0m   [0;1m SELECT name
 FROM sqlite_master
 WHERE type = 'table' AND NOT name = 'sqlite_sequence'
[0m
  [4;35;1mSQL (0.000140)[0m   [0mSELECT version FROM schema_migrations[0m
  [4;36;1mSQL (0.000092)[0m   [0;1mSELECT version FROM schema_migrations[0m
Migrating to CreateContexts (20080817071838)
  [4;35;1mSQL (0.000089)[0m   [0mSELECT version FROM schema_migrations[0m
  [4;36;1mSQL (0.000186)[0m   [0;1mselect sqlite_version(*)[0m
  [4;35;1mSQL (0.002384)[0m   [0mCREATE TABLE "contexts" ("id" INTEGER PRIMARY KEY AUTOINCREMENT NOT NULL, "label" varchar(255) DEFAULT NULL NULL, "created_at" datetime DEFAULT NULL NULL, "updated_at" datetime DEFAULT NULL NULL) [0m
  [4;36;1mSQL (0.001282)[0m   [0;1mINSERT INTO schema_migrations (version) VALUES ('20080817071838')[0m
Migrating to CreateTasks (20080817071858)
  [4;35;1mSQL (0.000182)[0m   [0mSELECT version FROM schema_migrations[0m
  [4;36;1mSQL (0.017986)[0m   [0;1mCREATE TABLE "tasks" ("id" INTEGER PRIMARY KEY AUTOINCREMENT NOT NULL, "label" varchar(255) DEFAULT NULL NULL, "context_id" integer DEFAULT NULL NULL, "created_at" datetime DEFAULT NULL NULL, "updated_at" datetime DEFAULT NULL NULL) [0m
  [4;35;1mSQL (0.001251)[0m   [0mINSERT INTO schema_migrations (version) VALUES ('20080817071858')[0m
  [4;36;1mSQL (0.000281)[0m   [0;1mSELECT version FROM schema_migrations[0m
  [4;35;1mSQL (0.000267)[0m   [0m SELECT name
 FROM sqlite_master
 WHERE type = 'table' AND NOT name = 'sqlite_sequence'
[0m
  [4;36;1mSQL (0.000055)[0m   [0;1mPRAGMA index_list("contexts")[0m
  [4;35;1mSQL (0.000063)[0m   [0mPRAGMA index_list("tasks")[0m
  [4;36;1mSQL (0.002355)[0m   [0;1mSELECT version FROM schema_migrations[0m
  [4;35;1mSQL (0.000391)[0m   [0m SELECT name
 FROM sqlite_master
 WHERE type = 'table' AND NOT name = 'sqlite_sequence'
[0m
  [4;36;1mSQL (0.000292)[0m   [0;1mSELECT version FROM schema_migrations[0m
Migrating to CreateTasks (20080817071858)
  [4;35;1mSQL (0.000218)[0m   [0mSELECT version FROM schema_migrations[0m
  [4;36;1mSQL (0.002649)[0m   [0;1mDROP TABLE "tasks"[0m
  [4;35;1mSQL (0.017160)[0m   [0mDELETE FROM schema_migrations WHERE version = '20080817071858'[0m
Migrating to CreateContexts (20080817071838)
  [4;36;1mSQL (0.000267)[0m   [0;1mSELECT version FROM schema_migrations[0m
  [4;35;1mSQL (0.001985)[0m   [0mDROP TABLE "contexts"[0m
  [4;36;1mSQL (0.001444)[0m   [0;1mDELETE FROM schema_migrations WHERE version = '20080817071838'[0m
  [4;35;1mSQL (0.000231)[0m   [0mselect sqlite_version(*)[0m
  [4;36;1mSQL (0.000123)[0m   [0;1mSELECT version FROM schema_migrations[0m
  [4;35;1mSQL (0.000198)[0m   [0m SELECT name
 FROM sqlite_master
 WHERE type = 'table' AND NOT name = 'sqlite_sequence'
[0m
  [4;36;1mSQL (0.002411)[0m   [0;1m SELECT name
 FROM sqlite_master
 WHERE type = 'table' AND NOT name = 'sqlite_sequence'
[0m
  [4;35;1mSQL (0.000153)[0m   [0mSELECT version FROM schema_migrations[0m
  [4;36;1mSQL (0.000097)[0m   [0;1mSELECT version FROM schema_migrations[0m
Migrating to CreateContexts (20080817071838)
  [4;35;1mSQL (0.000095)[0m   [0mSELECT version FROM schema_migrations[0m
  [4;36;1mSQL (0.000348)[0m   [0;1mselect sqlite_version(*)[0m
  [4;35;1mSQL (0.002305)[0m   [0mCREATE TABLE "contexts" ("id" INTEGER PRIMARY KEY AUTOINCREMENT NOT NULL, "label" varchar(255) DEFAULT NULL NULL, "created_at" datetime DEFAULT NULL NULL, "updated_at" datetime DEFAULT NULL NULL) [0m
  [4;36;1mSQL (0.010690)[0m   [0;1mINSERT INTO schema_migrations (version) VALUES ('20080817071838')[0m
Migrating to CreateTasks (20080817071858)
  [4;35;1mSQL (0.000267)[0m   [0mSELECT version FROM schema_migrations[0m
  [4;36;1mSQL (0.001349)[0m   [0;1mCREATE TABLE "tasks" ("id" INTEGER PRIMARY KEY AUTOINCREMENT NOT NULL, "label" varchar(255) DEFAULT NULL NULL, "context_id" integer DEFAULT NULL NULL, "created_at" datetime DEFAULT NULL NULL, "updated_at" datetime DEFAULT NULL NULL) [0m
  [4;35;1mSQL (0.001379)[0m   [0mINSERT INTO schema_migrations (version) VALUES ('20080817071858')[0m
  [4;36;1mSQL (0.000329)[0m   [0;1mSELECT version FROM schema_migrations[0m
  [4;35;1mSQL (0.000274)[0m   [0m SELECT name
 FROM sqlite_master
 WHERE type = 'table' AND NOT name = 'sqlite_sequence'
[0m
  [4;36;1mSQL (0.000051)[0m   [0;1mPRAGMA index_list("contexts")[0m
  [4;35;1mSQL (0.000050)[0m   [0mPRAGMA index_list("tasks")[0m
  [4;36;1mSQL (0.002510)[0m   [0;1m SELECT name
 FROM sqlite_master
 WHERE type = 'table' AND NOT name = 'sqlite_sequence'
[0m
  [4;35;1mSQL (0.000238)[0m   [0mSELECT version FROM schema_migrations[0m
  [4;36;1mSQL (0.000227)[0m   [0;1mselect sqlite_version(*)[0m
  [4;35;1mSQL (0.000246)[0m   [0mSELECT version FROM schema_migrations[0m
  [4;36;1mSQL (0.000272)[0m   [0;1m SELECT name
 FROM sqlite_master
 WHERE type = 'table' AND NOT name = 'sqlite_sequence'
[0m
  [4;35;1mSQL (0.000059)[0m   [0mPRAGMA index_list("contexts")[0m
  [4;36;1mSQL (0.000050)[0m   [0;1mPRAGMA index_list("tasks")[0m
  [4;35;1mSQL (0.000163)[0m   [0mselect sqlite_version(*)[0m
  [4;36;1mSQL (0.000284)[0m   [0;1m SELECT name
 FROM sqlite_master
 WHERE type = 'table' AND NOT name = 'sqlite_sequence'
[0m
  [4;35;1mSQL (0.002133)[0m   [0mCREATE TABLE "contexts" ("id" INTEGER PRIMARY KEY AUTOINCREMENT NOT NULL, "label" varchar(255) DEFAULT NULL NULL, "created_at" datetime DEFAULT NULL NULL, "updated_at" datetime DEFAULT NULL NULL) [0m
  [4;36;1mSQL (0.000219)[0m   [0;1m SELECT name
 FROM sqlite_master
 WHERE type = 'table' AND NOT name = 'sqlite_sequence'
[0m
  [4;35;1mSQL (0.001310)[0m   [0mCREATE TABLE "tasks" ("id" INTEGER PRIMARY KEY AUTOINCREMENT NOT NULL, "label" varchar(255) DEFAULT NULL NULL, "context_id" integer DEFAULT NULL NULL, "created_at" datetime DEFAULT NULL NULL, "updated_at" datetime DEFAULT NULL NULL) [0m
  [4;36;1mSQL (0.000273)[0m   [0;1m SELECT name
 FROM sqlite_master
 WHERE type = 'table' AND NOT name = 'sqlite_sequence'
[0m
  [4;35;1mSQL (0.001272)[0m   [0mCREATE TABLE "schema_migrations" ("version" varchar(255) NOT NULL) [0m
  [4;36;1mSQL (0.001732)[0m   [0;1mCREATE UNIQUE INDEX "unique_schema_migrations" ON "schema_migrations" ("version")[0m
  [4;35;1mSQL (0.000489)[0m   [0m SELECT name
 FROM sqlite_master
 WHERE type = 'table' AND NOT name = 'sqlite_sequence'
[0m
  [4;36;1mSQL (0.000122)[0m   [0;1mSELECT version FROM "schema_migrations"[0m
  [4;35;1mSQL (0.003187)[0m   [0mINSERT INTO "schema_migrations" (version) VALUES ('20080817071858')[0m
  [4;36;1mSQL (0.001139)[0m   [0;1mINSERT INTO "schema_migrations" (version) VALUES ('20080817071838')[0m
  [4;36;1mSQL (0.002678)[0m   [0;1m SELECT name
 FROM sqlite_master
 WHERE type = 'table' AND NOT name = 'sqlite_sequence'
[0m
  [4;35;1mSQL (0.000207)[0m   [0mSELECT version FROM schema_migrations[0m
  [4;36;1mSQL (0.000251)[0m   [0;1mselect sqlite_version(*)[0m
  [4;35;1mSQL (0.000251)[0m   [0mSELECT version FROM schema_migrations[0m
  [4;36;1mSQL (0.000278)[0m   [0;1m SELECT name
 FROM sqlite_master
 WHERE type = 'table' AND NOT name = 'sqlite_sequence'
[0m
  [4;35;1mSQL (0.000063)[0m   [0mPRAGMA index_list("contexts")[0m
  [4;36;1mSQL (0.000047)[0m   [0;1mPRAGMA index_list("tasks")[0m
  [4;35;1mSQL (0.000165)[0m   [0mselect sqlite_version(*)[0m
  [4;36;1mSQL (0.000223)[0m   [0;1m SELECT name
 FROM sqlite_master
 WHERE type = 'table' AND NOT name = 'sqlite_sequence'
[0m
  [4;35;1mSQL (0.002481)[0m   [0mCREATE TABLE "contexts" ("id" INTEGER PRIMARY KEY AUTOINCREMENT NOT NULL, "label" varchar(255) DEFAULT NULL NULL, "created_at" datetime DEFAULT NULL NULL, "updated_at" datetime DEFAULT NULL NULL) [0m
  [4;36;1mSQL (0.000262)[0m   [0;1m SELECT name
 FROM sqlite_master
 WHERE type = 'table' AND NOT name = 'sqlite_sequence'
[0m
  [4;35;1mSQL (0.001199)[0m   [0mCREATE TABLE "tasks" ("id" INTEGER PRIMARY KEY AUTOINCREMENT NOT NULL, "label" varchar(255) DEFAULT NULL NULL, "context_id" integer DEFAULT NULL NULL, "created_at" datetime DEFAULT NULL NULL, "updated_at" datetime DEFAULT NULL NULL) [0m
  [4;36;1mSQL (0.000229)[0m   [0;1m SELECT name
 FROM sqlite_master
 WHERE type = 'table' AND NOT name = 'sqlite_sequence'
[0m
  [4;35;1mSQL (0.001305)[0m   [0mCREATE TABLE "schema_migrations" ("version" varchar(255) NOT NULL) [0m
  [4;36;1mSQL (0.001241)[0m   [0;1mCREATE UNIQUE INDEX "unique_schema_migrations" ON "schema_migrations" ("version")[0m
  [4;35;1mSQL (0.000262)[0m   [0m SELECT name
 FROM sqlite_master
 WHERE type = 'table' AND NOT name = 'sqlite_sequence'
[0m
  [4;36;1mSQL (0.000098)[0m   [0;1mSELECT version FROM "schema_migrations"[0m
  [4;35;1mSQL (0.001367)[0m   [0mINSERT INTO "schema_migrations" (version) VALUES ('20080817071858')[0m
  [4;36;1mSQL (0.004923)[0m   [0;1mINSERT INTO "schema_migrations" (version) VALUES ('20080817071838')[0m
  [4;36;1mSQL (0.002465)[0m   [0;1m SELECT name
 FROM sqlite_master
 WHERE type = 'table' AND NOT name = 'sqlite_sequence'
[0m
  [4;35;1mSQL (0.000279)[0m   [0mSELECT version FROM schema_migrations[0m
  [4;36;1mSQL (0.000238)[0m   [0;1mselect sqlite_version(*)[0m
  [4;35;1mSQL (0.000235)[0m   [0mSELECT version FROM schema_migrations[0m
  [4;36;1mSQL (0.000307)[0m   [0;1m SELECT name
 FROM sqlite_master
 WHERE type = 'table' AND NOT name = 'sqlite_sequence'
[0m
  [4;35;1mSQL (0.000064)[0m   [0mPRAGMA index_list("contexts")[0m
  [4;36;1mSQL (0.000047)[0m   [0;1mPRAGMA index_list("tasks")[0m
  [4;35;1mSQL (0.000164)[0m   [0mselect sqlite_version(*)[0m
  [4;36;1mSQL (0.000217)[0m   [0;1m SELECT name
 FROM sqlite_master
 WHERE type = 'table' AND NOT name = 'sqlite_sequence'
[0m
  [4;35;1mSQL (0.002027)[0m   [0mCREATE TABLE "contexts" ("id" INTEGER PRIMARY KEY AUTOINCREMENT NOT NULL, "label" varchar(255) DEFAULT NULL NULL, "created_at" datetime DEFAULT NULL NULL, "updated_at" datetime DEFAULT NULL NULL) [0m
  [4;36;1mSQL (0.000203)[0m   [0;1m SELECT name
 FROM sqlite_master
 WHERE type = 'table' AND NOT name = 'sqlite_sequence'
[0m
  [4;35;1mSQL (0.004893)[0m   [0mCREATE TABLE "tasks" ("id" INTEGER PRIMARY KEY AUTOINCREMENT NOT NULL, "label" varchar(255) DEFAULT NULL NULL, "context_id" integer DEFAULT NULL NULL, "created_at" datetime DEFAULT NULL NULL, "updated_at" datetime DEFAULT NULL NULL) [0m
  [4;36;1mSQL (0.000504)[0m   [0;1m SELECT name
 FROM sqlite_master
 WHERE type = 'table' AND NOT name = 'sqlite_sequence'
[0m
  [4;35;1mSQL (0.001507)[0m   [0mCREATE TABLE "schema_migrations" ("version" varchar(255) NOT NULL) [0m
  [4;36;1mSQL (0.001532)[0m   [0;1mCREATE UNIQUE INDEX "unique_schema_migrations" ON "schema_migrations" ("version")[0m
  [4;35;1mSQL (0.000306)[0m   [0m SELECT name
 FROM sqlite_master
 WHERE type = 'table' AND NOT name = 'sqlite_sequence'
[0m
  [4;36;1mSQL (0.000099)[0m   [0;1mSELECT version FROM "schema_migrations"[0m
  [4;35;1mSQL (0.001227)[0m   [0mINSERT INTO "schema_migrations" (version) VALUES ('20080817071858')[0m
  [4;36;1mSQL (0.001093)[0m   [0;1mINSERT INTO "schema_migrations" (version) VALUES ('20080817071838')[0m
  [4;36;1mSQL (0.002478)[0m   [0;1m SELECT name
 FROM sqlite_master
 WHERE type = 'table' AND NOT name = 'sqlite_sequence'
[0m
  [4;35;1mSQL (0.000202)[0m   [0mSELECT version FROM schema_migrations[0m
  [4;36;1mSQL (0.000237)[0m   [0;1mselect sqlite_version(*)[0m
  [4;35;1mSQL (0.000215)[0m   [0mSELECT version FROM schema_migrations[0m
  [4;36;1mSQL (0.000270)[0m   [0;1m SELECT name
 FROM sqlite_master
 WHERE type = 'table' AND NOT name = 'sqlite_sequence'
[0m
  [4;35;1mSQL (0.000058)[0m   [0mPRAGMA index_list("contexts")[0m
  [4;36;1mSQL (0.000047)[0m   [0;1mPRAGMA index_list("tasks")[0m
  [4;35;1mSQL (0.000161)[0m   [0mselect sqlite_version(*)[0m
  [4;36;1mSQL (0.000222)[0m   [0;1m SELECT name
 FROM sqlite_master
 WHERE type = 'table' AND NOT name = 'sqlite_sequence'
[0m
  [4;35;1mSQL (0.002080)[0m   [0mCREATE TABLE "contexts" ("id" INTEGER PRIMARY KEY AUTOINCREMENT NOT NULL, "label" varchar(255) DEFAULT NULL NULL, "created_at" datetime DEFAULT NULL NULL, "updated_at" datetime DEFAULT NULL NULL) [0m
  [4;36;1mSQL (0.000203)[0m   [0;1m SELECT name
 FROM sqlite_master
 WHERE type = 'table' AND NOT name = 'sqlite_sequence'
[0m
  [4;35;1mSQL (0.001297)[0m   [0mCREATE TABLE "tasks" ("id" INTEGER PRIMARY KEY AUTOINCREMENT NOT NULL, "label" varchar(255) DEFAULT NULL NULL, "context_id" integer DEFAULT NULL NULL, "created_at" datetime DEFAULT NULL NULL, "updated_at" datetime DEFAULT NULL NULL) [0m
  [4;36;1mSQL (0.000253)[0m   [0;1m SELECT name
 FROM sqlite_master
 WHERE type = 'table' AND NOT name = 'sqlite_sequence'
[0m
  [4;35;1mSQL (0.001272)[0m   [0mCREATE TABLE "schema_migrations" ("version" varchar(255) NOT NULL) [0m
  [4;36;1mSQL (0.001384)[0m   [0;1mCREATE UNIQUE INDEX "unique_schema_migrations" ON "schema_migrations" ("version")[0m
  [4;35;1mSQL (0.000364)[0m   [0m SELECT name
 FROM sqlite_master
 WHERE type = 'table' AND NOT name = 'sqlite_sequence'
[0m
  [4;36;1mSQL (0.000099)[0m   [0;1mSELECT version FROM "schema_migrations"[0m
  [4;35;1mSQL (0.001360)[0m   [0mINSERT INTO "schema_migrations" (version) VALUES ('20080817071858')[0m
  [4;36;1mSQL (0.001392)[0m   [0;1mINSERT INTO "schema_migrations" (version) VALUES ('20080817071838')[0m
  [4;36;1mSQL (0.002531)[0m   [0;1m SELECT name
 FROM sqlite_master
 WHERE type = 'table' AND NOT name = 'sqlite_sequence'
[0m
  [4;35;1mSQL (0.000202)[0m   [0mSELECT version FROM schema_migrations[0m
  [4;36;1mSQL (0.000243)[0m   [0;1mselect sqlite_version(*)[0m
  [4;35;1mSQL (0.000211)[0m   [0mSELECT version FROM schema_migrations[0m
  [4;36;1mSQL (0.000271)[0m   [0;1m SELECT name
 FROM sqlite_master
 WHERE type = 'table' AND NOT name = 'sqlite_sequence'
[0m
  [4;35;1mSQL (0.000059)[0m   [0mPRAGMA index_list("contexts")[0m
  [4;36;1mSQL (0.000049)[0m   [0;1mPRAGMA index_list("tasks")[0m
  [4;35;1mSQL (0.000165)[0m   [0mselect sqlite_version(*)[0m
  [4;36;1mSQL (0.000219)[0m   [0;1m SELECT name
 FROM sqlite_master
 WHERE type = 'table' AND NOT name = 'sqlite_sequence'
[0m
  [4;35;1mSQL (0.002034)[0m   [0mCREATE TABLE "contexts" ("id" INTEGER PRIMARY KEY AUTOINCREMENT NOT NULL, "label" varchar(255) DEFAULT NULL NULL, "created_at" datetime DEFAULT NULL NULL, "updated_at" datetime DEFAULT NULL NULL) [0m
  [4;36;1mSQL (0.000210)[0m   [0;1m SELECT name
 FROM sqlite_master
 WHERE type = 'table' AND NOT name = 'sqlite_sequence'
[0m
  [4;35;1mSQL (0.001185)[0m   [0mCREATE TABLE "tasks" ("id" INTEGER PRIMARY KEY AUTOINCREMENT NOT NULL, "label" varchar(255) DEFAULT NULL NULL, "context_id" integer DEFAULT NULL NULL, "created_at" datetime DEFAULT NULL NULL, "updated_at" datetime DEFAULT NULL NULL) [0m
  [4;36;1mSQL (0.000228)[0m   [0;1m SELECT name
 FROM sqlite_master
 WHERE type = 'table' AND NOT name = 'sqlite_sequence'
[0m
  [4;35;1mSQL (0.001229)[0m   [0mCREATE TABLE "schema_migrations" ("version" varchar(255) NOT NULL) [0m
  [4;36;1mSQL (0.001433)[0m   [0;1mCREATE UNIQUE INDEX "unique_schema_migrations" ON "schema_migrations" ("version")[0m
  [4;35;1mSQL (0.000481)[0m   [0m SELECT name
 FROM sqlite_master
 WHERE type = 'table' AND NOT name = 'sqlite_sequence'
[0m
  [4;36;1mSQL (0.000108)[0m   [0;1mSELECT version FROM "schema_migrations"[0m
  [4;35;1mSQL (0.001769)[0m   [0mINSERT INTO "schema_migrations" (version) VALUES ('20080817071858')[0m
  [4;36;1mSQL (0.001344)[0m   [0;1mINSERT INTO "schema_migrations" (version) VALUES ('20080817071838')[0m
  [4;36;1mSQL (0.002776)[0m   [0;1m SELECT name
 FROM sqlite_master
 WHERE type = 'table' AND NOT name = 'sqlite_sequence'
[0m
  [4;35;1mSQL (0.000204)[0m   [0mSELECT version FROM schema_migrations[0m
  [4;36;1mSQL (0.000235)[0m   [0;1mselect sqlite_version(*)[0m
  [4;35;1mSQL (0.000243)[0m   [0mSELECT version FROM schema_migrations[0m
  [4;36;1mSQL (0.000275)[0m   [0;1m SELECT name
 FROM sqlite_master
 WHERE type = 'table' AND NOT name = 'sqlite_sequence'
[0m
  [4;35;1mSQL (0.000059)[0m   [0mPRAGMA index_list("contexts")[0m
  [4;36;1mSQL (0.000048)[0m   [0;1mPRAGMA index_list("tasks")[0m
  [4;35;1mSQL (0.000161)[0m   [0mselect sqlite_version(*)[0m
  [4;36;1mSQL (0.000218)[0m   [0;1m SELECT name
 FROM sqlite_master
 WHERE type = 'table' AND NOT name = 'sqlite_sequence'
[0m
  [4;35;1mSQL (0.002249)[0m   [0mCREATE TABLE "contexts" ("id" INTEGER PRIMARY KEY AUTOINCREMENT NOT NULL, "label" varchar(255) DEFAULT NULL NULL, "created_at" datetime DEFAULT NULL NULL, "updated_at" datetime DEFAULT NULL NULL) [0m
  [4;36;1mSQL (0.000207)[0m   [0;1m SELECT name
 FROM sqlite_master
 WHERE type = 'table' AND NOT name = 'sqlite_sequence'
[0m
  [4;35;1mSQL (0.001143)[0m   [0mCREATE TABLE "tasks" ("id" INTEGER PRIMARY KEY AUTOINCREMENT NOT NULL, "label" varchar(255) DEFAULT NULL NULL, "context_id" integer DEFAULT NULL NULL, "created_at" datetime DEFAULT NULL NULL, "updated_at" datetime DEFAULT NULL NULL) [0m
  [4;36;1mSQL (0.000220)[0m   [0;1m SELECT name
 FROM sqlite_master
 WHERE type = 'table' AND NOT name = 'sqlite_sequence'
[0m
  [4;35;1mSQL (0.001280)[0m   [0mCREATE TABLE "schema_migrations" ("version" varchar(255) NOT NULL) [0m
  [4;36;1mSQL (0.001421)[0m   [0;1mCREATE UNIQUE INDEX "unique_schema_migrations" ON "schema_migrations" ("version")[0m
  [4;35;1mSQL (0.000389)[0m   [0m SELECT name
 FROM sqlite_master
 WHERE type = 'table' AND NOT name = 'sqlite_sequence'
[0m
  [4;36;1mSQL (0.000116)[0m   [0;1mSELECT version FROM "schema_migrations"[0m
  [4;35;1mSQL (0.002365)[0m   [0mINSERT INTO "schema_migrations" (version) VALUES ('20080817071858')[0m
  [4;36;1mSQL (0.001369)[0m   [0;1mINSERT INTO "schema_migrations" (version) VALUES ('20080817071838')[0m
  [4;36;1mSQL (0.002448)[0m   [0;1m SELECT name
 FROM sqlite_master
 WHERE type = 'table' AND NOT name = 'sqlite_sequence'
[0m
  [4;35;1mSQL (0.000202)[0m   [0mSELECT version FROM schema_migrations[0m
  [4;36;1mSQL (0.000337)[0m   [0;1mselect sqlite_version(*)[0m
  [4;35;1mSQL (0.000268)[0m   [0mSELECT version FROM schema_migrations[0m
  [4;36;1mSQL (0.000320)[0m   [0;1m SELECT name
 FROM sqlite_master
 WHERE type = 'table' AND NOT name = 'sqlite_sequence'
[0m
  [4;35;1mSQL (0.000089)[0m   [0mPRAGMA index_list("contexts")[0m
  [4;36;1mSQL (0.000051)[0m   [0;1mPRAGMA index_list("tasks")[0m
  [4;35;1mSQL (0.000171)[0m   [0mselect sqlite_version(*)[0m
  [4;36;1mSQL (0.000351)[0m   [0;1m SELECT name
 FROM sqlite_master
 WHERE type = 'table' AND NOT name = 'sqlite_sequence'
[0m
  [4;35;1mSQL (0.002118)[0m   [0mCREATE TABLE "contexts" ("id" INTEGER PRIMARY KEY AUTOINCREMENT NOT NULL, "label" varchar(255) DEFAULT NULL NULL, "created_at" datetime DEFAULT NULL NULL, "updated_at" datetime DEFAULT NULL NULL) [0m
  [4;36;1mSQL (0.000210)[0m   [0;1m SELECT name
 FROM sqlite_master
 WHERE type = 'table' AND NOT name = 'sqlite_sequence'
[0m
  [4;35;1mSQL (0.001241)[0m   [0mCREATE TABLE "tasks" ("id" INTEGER PRIMARY KEY AUTOINCREMENT NOT NULL, "label" varchar(255) DEFAULT NULL NULL, "context_id" integer DEFAULT NULL NULL, "created_at" datetime DEFAULT NULL NULL, "updated_at" datetime DEFAULT NULL NULL) [0m
  [4;36;1mSQL (0.000237)[0m   [0;1m SELECT name
 FROM sqlite_master
 WHERE type = 'table' AND NOT name = 'sqlite_sequence'
[0m
  [4;35;1mSQL (0.004250)[0m   [0mCREATE TABLE "schema_migrations" ("version" varchar(255) NOT NULL) [0m
  [4;36;1mSQL (0.001457)[0m   [0;1mCREATE UNIQUE INDEX "unique_schema_migrations" ON "schema_migrations" ("version")[0m
  [4;35;1mSQL (0.000346)[0m   [0m SELECT name
 FROM sqlite_master
 WHERE type = 'table' AND NOT name = 'sqlite_sequence'
[0m
  [4;36;1mSQL (0.000114)[0m   [0;1mSELECT version FROM "schema_migrations"[0m
  [4;35;1mSQL (0.001550)[0m   [0mINSERT INTO "schema_migrations" (version) VALUES ('20080817071858')[0m
  [4;36;1mSQL (0.001150)[0m   [0;1mINSERT INTO "schema_migrations" (version) VALUES ('20080817071838')[0m
  [4;36;1mSQL (0.002583)[0m   [0;1m SELECT name
 FROM sqlite_master
 WHERE type = 'table' AND NOT name = 'sqlite_sequence'
[0m
  [4;35;1mSQL (0.000205)[0m   [0mSELECT version FROM schema_migrations[0m
  [4;36;1mSQL (0.000273)[0m   [0;1mselect sqlite_version(*)[0m
  [4;35;1mSQL (0.000214)[0m   [0mSELECT version FROM schema_migrations[0m
  [4;36;1mSQL (0.000291)[0m   [0;1m SELECT name
 FROM sqlite_master
 WHERE type = 'table' AND NOT name = 'sqlite_sequence'
[0m
  [4;35;1mSQL (0.000073)[0m   [0mPRAGMA index_list("contexts")[0m
  [4;36;1mSQL (0.000047)[0m   [0;1mPRAGMA index_list("tasks")[0m
  [4;35;1mSQL (0.000154)[0m   [0mselect sqlite_version(*)[0m
  [4;36;1mSQL (0.000217)[0m   [0;1m SELECT name
 FROM sqlite_master
 WHERE type = 'table' AND NOT name = 'sqlite_sequence'
[0m
  [4;35;1mSQL (0.002190)[0m   [0mCREATE TABLE "contexts" ("id" INTEGER PRIMARY KEY AUTOINCREMENT NOT NULL, "label" varchar(255) DEFAULT NULL NULL, "created_at" datetime DEFAULT NULL NULL, "updated_at" datetime DEFAULT NULL NULL) [0m
  [4;36;1mSQL (0.000197)[0m   [0;1m SELECT name
 FROM sqlite_master
 WHERE type = 'table' AND NOT name = 'sqlite_sequence'
[0m
  [4;35;1mSQL (0.001380)[0m   [0mCREATE TABLE "tasks" ("id" INTEGER PRIMARY KEY AUTOINCREMENT NOT NULL, "label" varchar(255) DEFAULT NULL NULL, "context_id" integer DEFAULT NULL NULL, "created_at" datetime DEFAULT NULL NULL, "updated_at" datetime DEFAULT NULL NULL) [0m
  [4;36;1mSQL (0.000225)[0m   [0;1m SELECT name
 FROM sqlite_master
 WHERE type = 'table' AND NOT name = 'sqlite_sequence'
[0m
  [4;35;1mSQL (0.001343)[0m   [0mCREATE TABLE "schema_migrations" ("version" varchar(255) NOT NULL) [0m
  [4;36;1mSQL (0.001405)[0m   [0;1mCREATE UNIQUE INDEX "unique_schema_migrations" ON "schema_migrations" ("version")[0m
  [4;35;1mSQL (0.000391)[0m   [0m SELECT name
 FROM sqlite_master
 WHERE type = 'table' AND NOT name = 'sqlite_sequence'
[0m
  [4;36;1mSQL (0.000099)[0m   [0;1mSELECT version FROM "schema_migrations"[0m
  [4;35;1mSQL (0.001326)[0m   [0mINSERT INTO "schema_migrations" (version) VALUES ('20080817071858')[0m
  [4;36;1mSQL (0.001332)[0m   [0;1mINSERT INTO "schema_migrations" (version) VALUES ('20080817071838')[0m
  [4;36;1mSQL (0.002534)[0m   [0;1m SELECT name
 FROM sqlite_master
 WHERE type = 'table' AND NOT name = 'sqlite_sequence'
[0m
  [4;35;1mSQL (0.000235)[0m   [0mSELECT version FROM schema_migrations[0m
  [4;36;1mSQL (0.000266)[0m   [0;1mselect sqlite_version(*)[0m
  [4;35;1mSQL (0.000219)[0m   [0mSELECT version FROM schema_migrations[0m
  [4;36;1mSQL (0.000351)[0m   [0;1m SELECT name
 FROM sqlite_master
 WHERE type = 'table' AND NOT name = 'sqlite_sequence'
[0m
  [4;35;1mSQL (0.000058)[0m   [0mPRAGMA index_list("contexts")[0m
  [4;36;1mSQL (0.000050)[0m   [0;1mPRAGMA index_list("tasks")[0m
  [4;35;1mSQL (0.000166)[0m   [0mselect sqlite_version(*)[0m
  [4;36;1mSQL (0.000233)[0m   [0;1m SELECT name
 FROM sqlite_master
 WHERE type = 'table' AND NOT name = 'sqlite_sequence'
[0m
  [4;35;1mSQL (0.002749)[0m   [0mCREATE TABLE "contexts" ("id" INTEGER PRIMARY KEY AUTOINCREMENT NOT NULL, "label" varchar(255) DEFAULT NULL NULL, "created_at" datetime DEFAULT NULL NULL, "updated_at" datetime DEFAULT NULL NULL) [0m
  [4;36;1mSQL (0.000234)[0m   [0;1m SELECT name
 FROM sqlite_master
 WHERE type = 'table' AND NOT name = 'sqlite_sequence'
[0m
  [4;35;1mSQL (0.001143)[0m   [0mCREATE TABLE "tasks" ("id" INTEGER PRIMARY KEY AUTOINCREMENT NOT NULL, "label" varchar(255) DEFAULT NULL NULL, "context_id" integer DEFAULT NULL NULL, "created_at" datetime DEFAULT NULL NULL, "updated_at" datetime DEFAULT NULL NULL) [0m
  [4;36;1mSQL (0.000228)[0m   [0;1m SELECT name
 FROM sqlite_master
 WHERE type = 'table' AND NOT name = 'sqlite_sequence'
[0m
  [4;35;1mSQL (0.008406)[0m   [0mCREATE TABLE "schema_migrations" ("version" varchar(255) NOT NULL) [0m
  [4;36;1mSQL (0.001293)[0m   [0;1mCREATE UNIQUE INDEX "unique_schema_migrations" ON "schema_migrations" ("version")[0m
  [4;35;1mSQL (0.000287)[0m   [0m SELECT name
 FROM sqlite_master
 WHERE type = 'table' AND NOT name = 'sqlite_sequence'
[0m
  [4;36;1mSQL (0.000134)[0m   [0;1mSELECT version FROM "schema_migrations"[0m
  [4;35;1mSQL (0.001388)[0m   [0mINSERT INTO "schema_migrations" (version) VALUES ('20080817071858')[0m
  [4;36;1mSQL (0.001411)[0m   [0;1mINSERT INTO "schema_migrations" (version) VALUES ('20080817071838')[0m


Processing RubyamfController#gateway (for 127.0.0.1 at 2008-08-17 01:29:53) [POST]
  Session ID: BAh7BiIKZmxhc2hJQzonQWN0aW9uQ29udHJvbGxlcjo6Rmxhc2g6OkZsYXNo
SGFzaHsABjoKQHVzZWR7AA==--47bf275f6ba4c078f0b8351f538443e4770ec1ec
  Parameters: {"action"=>"gateway", "controller"=>"rubyamf"}


Processing RubyamfController#gateway (for 127.0.0.1 at 2008-08-17 01:30:18) [POST]
  Session ID: BAh7BiIKZmxhc2hJQzonQWN0aW9uQ29udHJvbGxlcjo6Rmxhc2g6OkZsYXNo
SGFzaHsABjoKQHVzZWR7AA==--4b4d23336279a961697529df6ac62ad92c2d812c
  Parameters: {"action"=>"gateway", "controller"=>"rubyamf"}
Sending data 
Completed in 0.00392 (255 reqs/sec) | Rendering: 0.00026 (6%) | DB: 0.00000 (0%) | 200 OK [http://localhost/rubyamf_gateway/]


Processing RubyamfController#gateway (for 127.0.0.1 at 2008-08-17 01:30:18) [POST]
  Session ID: BAh7BiIKZmxhc2hJQzonQWN0aW9uQ29udHJvbGxlcjo6Rmxhc2g6OkZsYXNo
SGFzaHsABjoKQHVzZWR7AA==--4b4d23336279a961697529df6ac62ad92c2d812c
  Parameters: {"action"=>"gateway", "controller"=>"rubyamf"}


Processing ContextsController#find_all (for 127.0.0.1 at 2008-08-17 01:30:18) [POST]
  Session ID: BAh7BiIKZmxhc2hJQzonQWN0aW9uQ29udHJvbGxlcjo6Rmxhc2g6OkZsYXNo
SGFzaHsABjoKQHVzZWR7AA==--4b4d23336279a961697529df6ac62ad92c2d812c
  Parameters: {"action"=>"find_all", "controller"=>"contexts"}
  [4;36;1mContext Load (0.000405)[0m   [0;1mSELECT * FROM "contexts" [0m
Rendering contexts/find_all
Completed in 0.00601 (166 reqs/sec) | DB: 0.00000 (0%) |  [http://localhostcontexts/find_all]
Sending data 
Completed in 0.01307 (76 reqs/sec) | Rendering: 0.00018 (1%) | DB: 0.00000 (0%) | 200 OK [http://localhostcontexts/find_all]


Processing RubyamfController#gateway (for 127.0.0.1 at 2008-08-17 01:30:54) [POST]
  Session ID: BAh7BiIKZmxhc2hJQzonQWN0aW9uQ29udHJvbGxlcjo6Rmxhc2g6OkZsYXNo
SGFzaHsABjoKQHVzZWR7AA==--4b4d23336279a961697529df6ac62ad92c2d812c
  Parameters: {"action"=>"gateway", "controller"=>"rubyamf"}
Sending data 
Completed in 0.00691 (144 reqs/sec) | Rendering: 0.00025 (3%) | DB: 0.00000 (0%) | 200 OK [http://localhost/rubyamf_gateway/]


Processing RubyamfController#gateway (for 127.0.0.1 at 2008-08-17 01:30:54) [POST]
  Session ID: BAh7BiIKZmxhc2hJQzonQWN0aW9uQ29udHJvbGxlcjo6Rmxhc2g6OkZsYXNo
SGFzaHsABjoKQHVzZWR7AA==--4b4d23336279a961697529df6ac62ad92c2d812c
  Parameters: {"action"=>"gateway", "controller"=>"rubyamf"}


Processing ContextsController#find_all (for 127.0.0.1 at 2008-08-17 01:30:54) [POST]
  Session ID: BAh7BiIKZmxhc2hJQzonQWN0aW9uQ29udHJvbGxlcjo6Rmxhc2g6OkZsYXNo
SGFzaHsABjoKQHVzZWR7AA==--4b4d23336279a961697529df6ac62ad92c2d812c
  Parameters: {"action"=>"find_all", "controller"=>"contexts"}
  [4;36;1mContext Load (0.000781)[0m   [0;1mSELECT * FROM "contexts" [0m
Rendering contexts/find_all
Completed in 0.00675 (148 reqs/sec) | DB: 0.00000 (0%) |  [http://localhostcontexts/find_all]
Sending data 
Completed in 0.01637 (61 reqs/sec) | Rendering: 0.00019 (1%) | DB: 0.00000 (0%) | 200 OK [http://localhostcontexts/find_all]


Processing RubyamfController#gateway (for 127.0.0.1 at 2008-08-17 01:30:56) [POST]
  Session ID: BAh7BiIKZmxhc2hJQzonQWN0aW9uQ29udHJvbGxlcjo6Rmxhc2g6OkZsYXNo
SGFzaHsABjoKQHVzZWR7AA==--4b4d23336279a961697529df6ac62ad92c2d812c
  Parameters: {"action"=>"gateway", "controller"=>"rubyamf"}
Sending data 
Completed in 0.00423 (236 reqs/sec) | Rendering: 0.00019 (4%) | DB: 0.00000 (0%) | 200 OK [http://localhost/rubyamf_gateway/]


Processing RubyamfController#gateway (for 127.0.0.1 at 2008-08-17 01:30:56) [POST]
  Session ID: BAh7BiIKZmxhc2hJQzonQWN0aW9uQ29udHJvbGxlcjo6Rmxhc2g6OkZsYXNo
SGFzaHsABjoKQHVzZWR7AA==--4b4d23336279a961697529df6ac62ad92c2d812c
  Parameters: {"action"=>"gateway", "controller"=>"rubyamf"}


Processing TasksController#find_all (for 127.0.0.1 at 2008-08-17 01:30:56) [POST]
  Session ID: BAh7BiIKZmxhc2hJQzonQWN0aW9uQ29udHJvbGxlcjo6Rmxhc2g6OkZsYXNo
SGFzaHsABjoKQHVzZWR7AA==--4b4d23336279a961697529df6ac62ad92c2d812c
  Parameters: {"context_id"=>1, 0=>{"context_id"=>1}, "action"=>"find_all", "controller"=>"tasks"}
  [4;35;1mContext Load (0.000375)[0m   [0mSELECT * FROM "contexts" WHERE ("contexts"."id" = 1) [0m
Rendering tasks/find_all
Completed in 0.01219 (82 reqs/sec) | DB: 0.00000 (0%) |  [http://localhosttasks/find_all]
  [4;36;1mTask Load (0.000368)[0m   [0;1mSELECT * FROM "tasks" WHERE ("tasks".context_id = 1) [0m
Sending data 
Completed in 0.02098 (47 reqs/sec) | Rendering: 0.00020 (0%) | DB: 0.00037 (1%) | 200 OK [http://localhosttasks/find_all]


Processing RubyamfController#gateway (for 127.0.0.1 at 2008-08-17 01:30:59) [POST]
  Session ID: BAh7BiIKZmxhc2hJQzonQWN0aW9uQ29udHJvbGxlcjo6Rmxhc2g6OkZsYXNo
SGFzaHsABjoKQHVzZWR7AA==--4b4d23336279a961697529df6ac62ad92c2d812c
  Parameters: {"action"=>"gateway", "controller"=>"rubyamf"}


Processing TasksController#find_all (for 127.0.0.1 at 2008-08-17 01:30:59) [POST]
  Session ID: BAh7BiIKZmxhc2hJQzonQWN0aW9uQ29udHJvbGxlcjo6Rmxhc2g6OkZsYXNo
SGFzaHsABjoKQHVzZWR7AA==--4b4d23336279a961697529df6ac62ad92c2d812c
  Parameters: {"context_id"=>2, 0=>{"context_id"=>2}, "action"=>"find_all", "controller"=>"tasks"}
  [4;35;1mContext Load (0.000612)[0m   [0mSELECT * FROM "contexts" WHERE ("contexts"."id" = 2) [0m
Rendering tasks/find_all
Completed in 0.01117 (89 reqs/sec) | DB: 0.00000 (0%) |  [http://localhosttasks/find_all]
  [4;36;1mTask Load (0.000206)[0m   [0;1mSELECT * FROM "tasks" WHERE ("tasks".context_id = 2) [0m
Sending data 
Completed in 0.01852 (53 reqs/sec) | Rendering: 0.00017 (0%) | DB: 0.00021 (1%) | 200 OK [http://localhosttasks/find_all]


Processing RubyamfController#gateway (for 127.0.0.1 at 2008-08-17 01:32:43) [POST]
  Session ID: BAh7BiIKZmxhc2hJQzonQWN0aW9uQ29udHJvbGxlcjo6Rmxhc2g6OkZsYXNo
SGFzaHsABjoKQHVzZWR7AA==--4b4d23336279a961697529df6ac62ad92c2d812c
  Parameters: {"action"=>"gateway", "controller"=>"rubyamf"}
Sending data 
Completed in 0.00432 (231 reqs/sec) | Rendering: 0.00027 (6%) | DB: 0.00000 (0%) | 200 OK [http://localhost/rubyamf_gateway/]


Processing RubyamfController#gateway (for 127.0.0.1 at 2008-08-17 01:32:43) [POST]
  Session ID: BAh7BiIKZmxhc2hJQzonQWN0aW9uQ29udHJvbGxlcjo6Rmxhc2g6OkZsYXNo
SGFzaHsABjoKQHVzZWR7AA==--4b4d23336279a961697529df6ac62ad92c2d812c
  Parameters: {"action"=>"gateway", "controller"=>"rubyamf"}


Processing ContextsController#find_all (for 127.0.0.1 at 2008-08-17 01:32:43) [POST]
  Session ID: BAh7BiIKZmxhc2hJQzonQWN0aW9uQ29udHJvbGxlcjo6Rmxhc2g6OkZsYXNo
SGFzaHsABjoKQHVzZWR7AA==--4b4d23336279a961697529df6ac62ad92c2d812c
  Parameters: {"action"=>"find_all", "controller"=>"contexts"}
  [4;36;1mContext Load (0.000740)[0m   [0;1mSELECT * FROM "contexts" [0m
Rendering contexts/find_all
Completed in 0.00668 (149 reqs/sec) | DB: 0.00000 (0%) |  [http://localhostcontexts/find_all]
Sending data 
Completed in 0.01637 (61 reqs/sec) | Rendering: 0.00019 (1%) | DB: 0.00000 (0%) | 200 OK [http://localhostcontexts/find_all]


Processing RubyamfController#gateway (for 127.0.0.1 at 2008-08-17 01:32:45) [POST]
  Session ID: BAh7BiIKZmxhc2hJQzonQWN0aW9uQ29udHJvbGxlcjo6Rmxhc2g6OkZsYXNo
SGFzaHsABjoKQHVzZWR7AA==--4b4d23336279a961697529df6ac62ad92c2d812c
  Parameters: {"action"=>"gateway", "controller"=>"rubyamf"}
Sending data 
Completed in 0.00351 (285 reqs/sec) | Rendering: 0.00032 (9%) | DB: 0.00000 (0%) | 200 OK [http://localhost/rubyamf_gateway/]


Processing RubyamfController#gateway (for 127.0.0.1 at 2008-08-17 01:32:45) [POST]
  Session ID: BAh7BiIKZmxhc2hJQzonQWN0aW9uQ29udHJvbGxlcjo6Rmxhc2g6OkZsYXNo
SGFzaHsABjoKQHVzZWR7AA==--4b4d23336279a961697529df6ac62ad92c2d812c
  Parameters: {"action"=>"gateway", "controller"=>"rubyamf"}


Processing TasksController#find_all (for 127.0.0.1 at 2008-08-17 01:32:45) [POST]
  Session ID: BAh7BiIKZmxhc2hJQzonQWN0aW9uQ29udHJvbGxlcjo6Rmxhc2g6OkZsYXNo
SGFzaHsABjoKQHVzZWR7AA==--4b4d23336279a961697529df6ac62ad92c2d812c
  Parameters: {"context_id"=>1, 0=>{"context_id"=>1}, "action"=>"find_all", "controller"=>"tasks"}
  [4;35;1mContext Load (0.000420)[0m   [0mSELECT * FROM "contexts" WHERE ("contexts"."id" = 1) [0m
Rendering tasks/find_all
Completed in 0.01238 (80 reqs/sec) | DB: 0.00000 (0%) |  [http://localhosttasks/find_all]
  [4;36;1mTask Load (0.000561)[0m   [0;1mSELECT * FROM "tasks" WHERE ("tasks".context_id = 1) [0m
Sending data 
Completed in 0.02356 (42 reqs/sec) | Rendering: 0.00020 (0%) | DB: 0.00056 (2%) | 200 OK [http://localhosttasks/find_all]


Processing RubyamfController#gateway (for 127.0.0.1 at 2008-08-17 01:32:47) [POST]
  Session ID: BAh7BiIKZmxhc2hJQzonQWN0aW9uQ29udHJvbGxlcjo6Rmxhc2g6OkZsYXNo
SGFzaHsABjoKQHVzZWR7AA==--4b4d23336279a961697529df6ac62ad92c2d812c
  Parameters: {"action"=>"gateway", "controller"=>"rubyamf"}


Processing TasksController#save (for 127.0.0.1 at 2008-08-17 01:32:47) [POST]
  Session ID: BAh7BiIKZmxhc2hJQzonQWN0aW9uQ29udHJvbGxlcjo6Rmxhc2g6OkZsYXNo
SGFzaHsABjoKQHVzZWR7AA==--4b4d23336279a961697529df6ac62ad92c2d812c
  Parameters: {"context_id"=>1, 0=>{"context_id"=>1, "task"=>#<Task id: 50192205, label: "Finish 360 Preso", context_id: 1>}, "action"=>"save", "task"=>#<Task id: 50192205, label: "Finish 360 Preso", context_id: 1>, "controller"=>"tasks"}
  [4;35;1mContext Load (0.000304)[0m   [0mSELECT * FROM "contexts" WHERE ("contexts"."id" = 1) [0m
  [4;36;1mCACHE (0.000000)[0m   [0;1mSELECT * FROM "contexts" WHERE ("contexts"."id" = 1) [0m
Rendering tasks/save
Completed in 0.07916 (12 reqs/sec) | DB: 0.00000 (0%) |  [http://localhosttasks/save]
Sending data 
Completed in 0.09119 (10 reqs/sec) | Rendering: 0.00018 (0%) | DB: 0.00000 (0%) | 200 OK [http://localhosttasks/save]


Processing RubyamfController#gateway (for 127.0.0.1 at 2008-08-17 01:33:21) [POST]
  Session ID: BAh7BiIKZmxhc2hJQzonQWN0aW9uQ29udHJvbGxlcjo6Rmxhc2g6OkZsYXNo
SGFzaHsABjoKQHVzZWR7AA==--4b4d23336279a961697529df6ac62ad92c2d812c
  Parameters: {"action"=>"gateway", "controller"=>"rubyamf"}


Processing TasksController#find_all (for 127.0.0.1 at 2008-08-17 01:33:21) [POST]
  Session ID: BAh7BiIKZmxhc2hJQzonQWN0aW9uQ29udHJvbGxlcjo6Rmxhc2g6OkZsYXNo
SGFzaHsABjoKQHVzZWR7AA==--4b4d23336279a961697529df6ac62ad92c2d812c
  Parameters: {"context_id"=>3, 0=>{"context_id"=>3}, "action"=>"find_all", "controller"=>"tasks"}
  [4;35;1mContext Load (0.000465)[0m   [0mSELECT * FROM "contexts" WHERE ("contexts"."id" = 3) [0m
Rendering tasks/find_all
Completed in 0.01280 (78 reqs/sec) | DB: 0.00000 (0%) |  [http://localhosttasks/find_all]
  [4;36;1mTask Load (0.000344)[0m   [0;1mSELECT * FROM "tasks" WHERE ("tasks".context_id = 3) [0m
Sending data 
Completed in 0.02304 (43 reqs/sec) | Rendering: 0.00019 (0%) | DB: 0.00034 (1%) | 200 OK [http://localhosttasks/find_all]
  [4;36;1mSQL (0.000638)[0m   [0;1mSELECT version FROM schema_migrations[0m


Processing RubyamfController#gateway (for 127.0.0.1 at 2008-08-18 22:14:06) [POST]
  Session ID: 0eb9d3d9b54b6e05e07be92776c94500
  Parameters: {"action"=>"gateway", "controller"=>"rubyamf"}
Sending data 
Completed in 0.01040 (96 reqs/sec) | Rendering: 0.00032 (3%) | DB: 0.00000 (0%) | 200 OK [http://localhost/rubyamf_gateway/]


Processing RubyamfController#gateway (for 127.0.0.1 at 2008-08-18 22:14:06) [POST]
  Session ID: BAh7BiIKZmxhc2hJQzonQWN0aW9uQ29udHJvbGxlcjo6Rmxhc2g6OkZsYXNo
SGFzaHsABjoKQHVzZWR7AA==--4b4d23336279a961697529df6ac62ad92c2d812c
  Parameters: {"action"=>"gateway", "controller"=>"rubyamf"}
Sending data 
Completed in 0.02095 (47 reqs/sec) | Rendering: 0.00032 (1%) | DB: 0.00000 (0%) | 200 OK [http://localhost/rubyamf_gateway/]
  [4;36;1mSQL (0.000644)[0m   [0;1m SELECT name
 FROM sqlite_master
 WHERE type = 'table' AND NOT name = 'sqlite_sequence'
[0m
  [4;35;1mSQL (0.000793)[0m   [0mSELECT version FROM schema_migrations[0m
  [4;36;1mSQL (0.000699)[0m   [0;1mSELECT version FROM schema_migrations[0m
Migrating to CreateContexts (20080817071838)
  [4;35;1mSQL (0.000807)[0m   [0mSELECT version FROM schema_migrations[0m
Migrating to CreateTasks (20080817071858)
  [4;36;1mSQL (0.000760)[0m   [0;1mSELECT version FROM schema_migrations[0m
Migrating to MakeContextsNested (20080819051514)
  [4;35;1mSQL (0.000718)[0m   [0mSELECT version FROM schema_migrations[0m
  [4;36;1mSQL (0.000725)[0m   [0;1mselect sqlite_version(*)[0m
  [4;35;1mSQL (0.003154)[0m   [0mALTER TABLE "contexts" ADD "lft" integer[0m
  [4;36;1mSQL (0.084749)[0m   [0;1mVACUUM[0m
  [4;35;1mSQL (0.002944)[0m   [0mALTER TABLE "contexts" ADD "rgt" integer[0m
  [4;36;1mSQL (0.008332)[0m   [0;1mVACUUM[0m
  [4;35;1mSQL (0.003615)[0m   [0mALTER TABLE "contexts" ADD "parent_id" integer[0m
  [4;36;1mSQL (0.007327)[0m   [0;1mVACUUM[0m
  [4;35;1mSQL (0.002908)[0m   [0mINSERT INTO schema_migrations (version) VALUES ('20080819051514')[0m
  [4;36;1mSQL (0.000827)[0m   [0;1mSELECT version FROM schema_migrations[0m
  [4;35;1mSQL (0.000722)[0m   [0m SELECT name
 FROM sqlite_master
 WHERE type = 'table' AND NOT name = 'sqlite_sequence'
[0m
  [4;36;1mSQL (0.000130)[0m   [0;1mPRAGMA index_list("contexts")[0m
  [4;35;1mSQL (0.000131)[0m   [0mPRAGMA index_list("tasks")[0m


Processing RubyamfController#gateway (for 127.0.0.1 at 2008-08-18 22:16:18) [POST]
  Session ID: BAh7BiIKZmxhc2hJQzonQWN0aW9uQ29udHJvbGxlcjo6Rmxhc2g6OkZsYXNo
SGFzaHsABjoKQHVzZWR7AA==--4b4d23336279a961697529df6ac62ad92c2d812c
  Parameters: {"action"=>"gateway", "controller"=>"rubyamf"}
Sending data 
Completed in 0.00945 (105 reqs/sec) | Rendering: 0.00032 (3%) | DB: 0.00000 (0%) | 200 OK [http://localhost/rubyamf_gateway/]


Processing RubyamfController#gateway (for 127.0.0.1 at 2008-08-18 22:16:18) [POST]
  Session ID: BAh7BiIKZmxhc2hJQzonQWN0aW9uQ29udHJvbGxlcjo6Rmxhc2g6OkZsYXNo
SGFzaHsABjoKQHVzZWR7AA==--4b4d23336279a961697529df6ac62ad92c2d812c
  Parameters: {"action"=>"gateway", "controller"=>"rubyamf"}
Sending data 
Completed in 0.02066 (48 reqs/sec) | Rendering: 0.00032 (1%) | DB: 0.00000 (0%) | 200 OK [http://localhost/rubyamf_gateway/]


Processing RubyamfController#gateway (for 127.0.0.1 at 2008-08-18 22:16:51) [POST]
  Session ID: BAh7BiIKZmxhc2hJQzonQWN0aW9uQ29udHJvbGxlcjo6Rmxhc2g6OkZsYXNo
SGFzaHsABjoKQHVzZWR7AA==--4b4d23336279a961697529df6ac62ad92c2d812c
  Parameters: {"action"=>"gateway", "controller"=>"rubyamf"}
Sending data 
Completed in 0.01008 (99 reqs/sec) | Rendering: 0.00070 (6%) | DB: 0.00000 (0%) | 200 OK [http://localhost/rubyamf_gateway/]


Processing RubyamfController#gateway (for 127.0.0.1 at 2008-08-18 22:16:51) [POST]
  Session ID: BAh7BiIKZmxhc2hJQzonQWN0aW9uQ29udHJvbGxlcjo6Rmxhc2g6OkZsYXNo
SGFzaHsABjoKQHVzZWR7AA==--4b4d23336279a961697529df6ac62ad92c2d812c
  Parameters: {"action"=>"gateway", "controller"=>"rubyamf"}


Processing ContextsController#load_tree (for 127.0.0.1 at 2008-08-18 22:16:51) [POST]
  Session ID: BAh7BiIKZmxhc2hJQzonQWN0aW9uQ29udHJvbGxlcjo6Rmxhc2g6OkZsYXNo
SGFzaHsABjoKQHVzZWR7AA==--4b4d23336279a961697529df6ac62ad92c2d812c
  Parameters: {"action"=>"load_tree", "controller"=>"contexts"}
  [4;36;1mContext Load (0.001020)[0m   [0;1mSELECT * FROM "contexts" WHERE (parent_id is null) LIMIT 1[0m
Rendering contexts/load_tree
Completed in 0.01939 (51 reqs/sec) | DB: 0.00000 (0%) |  [http://localhostcontexts/load_tree]
Sending data 
Completed in 0.04851 (20 reqs/sec) | Rendering: 0.00038 (0%) | DB: 0.00000 (0%) | 200 OK [http://localhostcontexts/load_tree]


Processing RubyamfController#gateway (for 127.0.0.1 at 2008-08-18 22:16:53) [POST]
  Session ID: BAh7BiIKZmxhc2hJQzonQWN0aW9uQ29udHJvbGxlcjo6Rmxhc2g6OkZsYXNo
SGFzaHsABjoKQHVzZWR7AA==--4b4d23336279a961697529df6ac62ad92c2d812c
  Parameters: {"action"=>"gateway", "controller"=>"rubyamf"}
Sending data 
Completed in 0.00918 (108 reqs/sec) | Rendering: 0.00030 (3%) | DB: 0.00000 (0%) | 200 OK [http://localhost/rubyamf_gateway/]


Processing RubyamfController#gateway (for 127.0.0.1 at 2008-08-18 22:16:53) [POST]
  Session ID: BAh7BiIKZmxhc2hJQzonQWN0aW9uQ29udHJvbGxlcjo6Rmxhc2g6OkZsYXNo
SGFzaHsABjoKQHVzZWR7AA==--4b4d23336279a961697529df6ac62ad92c2d812c
  Parameters: {"action"=>"gateway", "controller"=>"rubyamf"}
Sending data 
Completed in 0.04443 (22 reqs/sec) | Rendering: 0.00044 (0%) | DB: 0.00000 (0%) | 200 OK [http://localhost/rubyamf_gateway/]


Processing RubyamfController#gateway (for 127.0.0.1 at 2008-08-18 22:16:56) [POST]
  Session ID: BAh7BiIKZmxhc2hJQzonQWN0aW9uQ29udHJvbGxlcjo6Rmxhc2g6OkZsYXNo
SGFzaHsABjoKQHVzZWR7AA==--4b4d23336279a961697529df6ac62ad92c2d812c
  Parameters: {"action"=>"gateway", "controller"=>"rubyamf"}
Sending data 
Completed in 0.02146 (46 reqs/sec) | Rendering: 0.00032 (1%) | DB: 0.00000 (0%) | 200 OK [http://localhost/rubyamf_gateway/]


Processing RubyamfController#gateway (for 127.0.0.1 at 2008-08-18 22:17:58) [POST]
  Session ID: BAh7BiIKZmxhc2hJQzonQWN0aW9uQ29udHJvbGxlcjo6Rmxhc2g6OkZsYXNo
SGFzaHsABjoKQHVzZWR7AA==--4b4d23336279a961697529df6ac62ad92c2d812c
  Parameters: {"action"=>"gateway", "controller"=>"rubyamf"}
Sending data 
Completed in 0.00929 (107 reqs/sec) | Rendering: 0.00030 (3%) | DB: 0.00000 (0%) | 200 OK [http://localhost/rubyamf_gateway/]


Processing RubyamfController#gateway (for 127.0.0.1 at 2008-08-18 22:17:58) [POST]
  Session ID: BAh7BiIKZmxhc2hJQzonQWN0aW9uQ29udHJvbGxlcjo6Rmxhc2g6OkZsYXNo
SGFzaHsABjoKQHVzZWR7AA==--4b4d23336279a961697529df6ac62ad92c2d812c
  Parameters: {"action"=>"gateway", "controller"=>"rubyamf"}


Processing ContextsController#load_tree (for 127.0.0.1 at 2008-08-18 22:17:58) [POST]
  Session ID: BAh7BiIKZmxhc2hJQzonQWN0aW9uQ29udHJvbGxlcjo6Rmxhc2g6OkZsYXNo
SGFzaHsABjoKQHVzZWR7AA==--4b4d23336279a961697529df6ac62ad92c2d812c
  Parameters: {"action"=>"load_tree", "controller"=>"contexts"}
  [4;35;1mContext Load (0.000900)[0m   [0mSELECT * FROM "contexts" WHERE (parent_id is null) LIMIT 1[0m
Rendering contexts/load_tree
Completed in 0.01855 (53 reqs/sec) | DB: 0.00000 (0%) |  [http://localhostcontexts/load_tree]
Sending data 
Completed in 0.04408 (22 reqs/sec) | Rendering: 0.00036 (0%) | DB: 0.00000 (0%) | 200 OK [http://localhostcontexts/load_tree]


Processing RubyamfController#gateway (for 127.0.0.1 at 2008-08-18 22:18:05) [POST]
  Session ID: BAh7BiIKZmxhc2hJQzonQWN0aW9uQ29udHJvbGxlcjo6Rmxhc2g6OkZsYXNo
SGFzaHsABjoKQHVzZWR7AA==--4b4d23336279a961697529df6ac62ad92c2d812c
  Parameters: {"action"=>"gateway", "controller"=>"rubyamf"}
Sending data 
Completed in 0.00909 (110 reqs/sec) | Rendering: 0.00037 (4%) | DB: 0.00000 (0%) | 200 OK [http://localhost/rubyamf_gateway/]


Processing RubyamfController#gateway (for 127.0.0.1 at 2008-08-18 22:18:05) [POST]
  Session ID: BAh7BiIKZmxhc2hJQzonQWN0aW9uQ29udHJvbGxlcjo6Rmxhc2g6OkZsYXNo
SGFzaHsABjoKQHVzZWR7AA==--4b4d23336279a961697529df6ac62ad92c2d812c
  Parameters: {"action"=>"gateway", "controller"=>"rubyamf"}


Processing ContextsController#load_tree (for 127.0.0.1 at 2008-08-18 22:18:05) [POST]
  Session ID: BAh7BiIKZmxhc2hJQzonQWN0aW9uQ29udHJvbGxlcjo6Rmxhc2g6OkZsYXNo
SGFzaHsABjoKQHVzZWR7AA==--4b4d23336279a961697529df6ac62ad92c2d812c
  Parameters: {"action"=>"load_tree", "controller"=>"contexts"}
  [4;36;1mContext Load (0.000930)[0m   [0;1mSELECT * FROM "contexts" WHERE (parent_id is null) LIMIT 1[0m
Rendering contexts/load_tree
Completed in 0.01853 (53 reqs/sec) | DB: 0.00000 (0%) |  [http://localhostcontexts/load_tree]
Sending data 
Completed in 0.04426 (22 reqs/sec) | Rendering: 0.00037 (0%) | DB: 0.00000 (0%) | 200 OK [http://localhostcontexts/load_tree]


Processing RubyamfController#gateway (for 127.0.0.1 at 2008-08-18 22:18:06) [POST]
  Session ID: BAh7BiIKZmxhc2hJQzonQWN0aW9uQ29udHJvbGxlcjo6Rmxhc2g6OkZsYXNo
SGFzaHsABjoKQHVzZWR7AA==--4b4d23336279a961697529df6ac62ad92c2d812c
  Parameters: {"action"=>"gateway", "controller"=>"rubyamf"}
Sending data 
Completed in 0.00935 (106 reqs/sec) | Rendering: 0.00042 (4%) | DB: 0.00000 (0%) | 200 OK [http://localhost/rubyamf_gateway/]


Processing RubyamfController#gateway (for 127.0.0.1 at 2008-08-18 22:18:06) [POST]
  Session ID: BAh7BiIKZmxhc2hJQzonQWN0aW9uQ29udHJvbGxlcjo6Rmxhc2g6OkZsYXNo
SGFzaHsABjoKQHVzZWR7AA==--4b4d23336279a961697529df6ac62ad92c2d812c
  Parameters: {"action"=>"gateway", "controller"=>"rubyamf"}


Processing TasksController#find_all (for 127.0.0.1 at 2008-08-18 22:18:06) [POST]
  Session ID: BAh7BiIKZmxhc2hJQzonQWN0aW9uQ29udHJvbGxlcjo6Rmxhc2g6OkZsYXNo
SGFzaHsABjoKQHVzZWR7AA==--4b4d23336279a961697529df6ac62ad92c2d812c
  Parameters: {"context_id"=>1, 0=>{"context_id"=>1}, "action"=>"find_all", "controller"=>"tasks"}
  [4;35;1mContext Load (0.000700)[0m   [0mSELECT * FROM "contexts" WHERE ("contexts"."id" = 1) [0m
Rendering tasks/find_all
Completed in 0.03062 (32 reqs/sec) | DB: 0.00000 (0%) |  [http://localhosttasks/find_all]
  [4;36;1mTask Load (0.000899)[0m   [0;1mSELECT * FROM "tasks" WHERE ("tasks".context_id = 1) [0m
Sending data 
Completed in 0.05745 (17 reqs/sec) | Rendering: 0.00037 (0%) | DB: 0.00090 (1%) | 200 OK [http://localhosttasks/find_all]


Processing RubyamfController#gateway (for 127.0.0.1 at 2008-08-18 22:19:42) [POST]
  Session ID: BAh7BiIKZmxhc2hJQzonQWN0aW9uQ29udHJvbGxlcjo6Rmxhc2g6OkZsYXNo
SGFzaHsABjoKQHVzZWR7AA==--4b4d23336279a961697529df6ac62ad92c2d812c
  Parameters: {"action"=>"gateway", "controller"=>"rubyamf"}
Sending data 
Completed in 0.00879 (113 reqs/sec) | Rendering: 0.00033 (3%) | DB: 0.00000 (0%) | 200 OK [http://localhost/rubyamf_gateway/]


Processing RubyamfController#gateway (for 127.0.0.1 at 2008-08-18 22:19:43) [POST]
  Session ID: BAh7BiIKZmxhc2hJQzonQWN0aW9uQ29udHJvbGxlcjo6Rmxhc2g6OkZsYXNo
SGFzaHsABjoKQHVzZWR7AA==--4b4d23336279a961697529df6ac62ad92c2d812c
  Parameters: {"action"=>"gateway", "controller"=>"rubyamf"}


Processing ContextsController#load_tree (for 127.0.0.1 at 2008-08-18 22:19:43) [POST]
  Session ID: BAh7BiIKZmxhc2hJQzonQWN0aW9uQ29udHJvbGxlcjo6Rmxhc2g6OkZsYXNo
SGFzaHsABjoKQHVzZWR7AA==--4b4d23336279a961697529df6ac62ad92c2d812c
  Parameters: {"action"=>"load_tree", "controller"=>"contexts"}
  [4;35;1mContext Load (0.000986)[0m   [0mSELECT * FROM "contexts" WHERE (parent_id is null) LIMIT 1[0m
Rendering contexts/load_tree
Completed in 0.01897 (52 reqs/sec) | DB: 0.00000 (0%) |  [http://localhostcontexts/load_tree]
Sending data 
Completed in 0.04705 (21 reqs/sec) | Rendering: 0.00037 (0%) | DB: 0.00000 (0%) | 200 OK [http://localhostcontexts/load_tree]


Processing RubyamfController#gateway (for 127.0.0.1 at 2008-08-18 22:19:44) [POST]
  Session ID: BAh7BiIKZmxhc2hJQzonQWN0aW9uQ29udHJvbGxlcjo6Rmxhc2g6OkZsYXNo
SGFzaHsABjoKQHVzZWR7AA==--4b4d23336279a961697529df6ac62ad92c2d812c
  Parameters: {"action"=>"gateway", "controller"=>"rubyamf"}
Sending data 
Completed in 0.00900 (111 reqs/sec) | Rendering: 0.00039 (4%) | DB: 0.00000 (0%) | 200 OK [http://localhost/rubyamf_gateway/]


Processing RubyamfController#gateway (for 127.0.0.1 at 2008-08-18 22:19:44) [POST]
  Session ID: BAh7BiIKZmxhc2hJQzonQWN0aW9uQ29udHJvbGxlcjo6Rmxhc2g6OkZsYXNo
SGFzaHsABjoKQHVzZWR7AA==--4b4d23336279a961697529df6ac62ad92c2d812c
  Parameters: {"action"=>"gateway", "controller"=>"rubyamf"}


Processing TasksController#find_all (for 127.0.0.1 at 2008-08-18 22:19:44) [POST]
  Session ID: BAh7BiIKZmxhc2hJQzonQWN0aW9uQ29udHJvbGxlcjo6Rmxhc2g6OkZsYXNo
SGFzaHsABjoKQHVzZWR7AA==--4b4d23336279a961697529df6ac62ad92c2d812c
  Parameters: {"context_id"=>1, 0=>{"context_id"=>1}, "action"=>"find_all", "controller"=>"tasks"}
  [4;36;1mContext Load (0.000607)[0m   [0;1mSELECT * FROM "contexts" WHERE ("contexts"."id" = 1) [0m
Rendering tasks/find_all
Completed in 0.08830 (11 reqs/sec) | DB: 0.00000 (0%) |  [http://localhosttasks/find_all]
  [4;35;1mTask Load (0.000831)[0m   [0mSELECT * FROM "tasks" WHERE ("tasks".context_id = 1) [0m
Sending data 
Completed in 0.11479 (8 reqs/sec) | Rendering: 0.00037 (0%) | DB: 0.00083 (0%) | 200 OK [http://localhosttasks/find_all]


Processing RubyamfController#gateway (for 127.0.0.1 at 2008-08-18 22:20:12) [POST]
  Session ID: BAh7BiIKZmxhc2hJQzonQWN0aW9uQ29udHJvbGxlcjo6Rmxhc2g6OkZsYXNo
SGFzaHsABjoKQHVzZWR7AA==--4b4d23336279a961697529df6ac62ad92c2d812c
  Parameters: {"action"=>"gateway", "controller"=>"rubyamf"}
Sending data 
Completed in 0.00985 (101 reqs/sec) | Rendering: 0.00033 (3%) | DB: 0.00000 (0%) | 200 OK [http://localhost/rubyamf_gateway/]


Processing RubyamfController#gateway (for 127.0.0.1 at 2008-08-18 22:20:12) [POST]
  Session ID: BAh7BiIKZmxhc2hJQzonQWN0aW9uQ29udHJvbGxlcjo6Rmxhc2g6OkZsYXNo
SGFzaHsABjoKQHVzZWR7AA==--4b4d23336279a961697529df6ac62ad92c2d812c
  Parameters: {"action"=>"gateway", "controller"=>"rubyamf"}


Processing ContextsController#load_tree (for 127.0.0.1 at 2008-08-18 22:20:12) [POST]
  Session ID: BAh7BiIKZmxhc2hJQzonQWN0aW9uQ29udHJvbGxlcjo6Rmxhc2g6OkZsYXNo
SGFzaHsABjoKQHVzZWR7AA==--4b4d23336279a961697529df6ac62ad92c2d812c
  Parameters: {"action"=>"load_tree", "controller"=>"contexts"}
  [4;36;1mContext Load (0.001038)[0m   [0;1mSELECT * FROM "contexts" WHERE (parent_id is null) LIMIT 1[0m
Rendering contexts/load_tree
Completed in 0.01994 (50 reqs/sec) | DB: 0.00000 (0%) |  [http://localhostcontexts/load_tree]
  [4;35;1mContext Load (0.001177)[0m   [0mSELECT * FROM "contexts" WHERE ("contexts"."parent_id" = 1) ORDER BY "lft"[0m
  [4;36;1mContext Load (0.001238)[0m   [0;1mSELECT * FROM "contexts" WHERE ("contexts"."parent_id" = 2) ORDER BY "lft"[0m
  [4;35;1mContext Load (0.000428)[0m   [0mSELECT * FROM "contexts" WHERE ("contexts"."parent_id" = 4) ORDER BY "lft"[0m
  [4;36;1mContext Load (0.000400)[0m   [0;1mSELECT * FROM "contexts" WHERE ("contexts"."parent_id" = 5) ORDER BY "lft"[0m
  [4;35;1mContext Load (0.000415)[0m   [0mSELECT * FROM "contexts" WHERE ("contexts"."parent_id" = 3) ORDER BY "lft"[0m
Sending data 
Completed in 0.08295 (12 reqs/sec) | Rendering: 0.00040 (0%) | DB: 0.00366 (4%) | 200 OK [http://localhostcontexts/load_tree]


Processing RubyamfController#gateway (for 127.0.0.1 at 2008-08-18 22:20:16) [POST]
  Session ID: BAh7BiIKZmxhc2hJQzonQWN0aW9uQ29udHJvbGxlcjo6Rmxhc2g6OkZsYXNo
SGFzaHsABjoKQHVzZWR7AA==--4b4d23336279a961697529df6ac62ad92c2d812c
  Parameters: {"action"=>"gateway", "controller"=>"rubyamf"}
Sending data 
Completed in 0.00952 (105 reqs/sec) | Rendering: 0.00029 (3%) | DB: 0.00000 (0%) | 200 OK [http://localhost/rubyamf_gateway/]


Processing RubyamfController#gateway (for 127.0.0.1 at 2008-08-18 22:20:16) [POST]
  Session ID: BAh7BiIKZmxhc2hJQzonQWN0aW9uQ29udHJvbGxlcjo6Rmxhc2g6OkZsYXNo
SGFzaHsABjoKQHVzZWR7AA==--4b4d23336279a961697529df6ac62ad92c2d812c
  Parameters: {"action"=>"gateway", "controller"=>"rubyamf"}


Processing TasksController#find_all (for 127.0.0.1 at 2008-08-18 22:20:17) [POST]
  Session ID: BAh7BiIKZmxhc2hJQzonQWN0aW9uQ29udHJvbGxlcjo6Rmxhc2g6OkZsYXNo
SGFzaHsABjoKQHVzZWR7AA==--4b4d23336279a961697529df6ac62ad92c2d812c
  Parameters: {"context_id"=>4, 0=>{"context_id"=>4}, "action"=>"find_all", "controller"=>"tasks"}
  [4;36;1mContext Load (0.000615)[0m   [0;1mSELECT * FROM "contexts" WHERE ("contexts"."id" = 4) [0m
Rendering tasks/find_all
Completed in 0.03063 (32 reqs/sec) | DB: 0.00000 (0%) |  [http://localhosttasks/find_all]
  [4;35;1mTask Load (0.000280)[0m   [0mSELECT * FROM "tasks" WHERE ("tasks".context_id = 4) [0m
Sending data 
Completed in 0.05180 (19 reqs/sec) | Rendering: 0.00036 (0%) | DB: 0.00028 (0%) | 200 OK [http://localhosttasks/find_all]


Processing RubyamfController#gateway (for 127.0.0.1 at 2008-08-18 22:20:18) [POST]
  Session ID: BAh7BiIKZmxhc2hJQzonQWN0aW9uQ29udHJvbGxlcjo6Rmxhc2g6OkZsYXNo
SGFzaHsABjoKQHVzZWR7AA==--4b4d23336279a961697529df6ac62ad92c2d812c
  Parameters: {"action"=>"gateway", "controller"=>"rubyamf"}


Processing TasksController#find_all (for 127.0.0.1 at 2008-08-18 22:20:18) [POST]
  Session ID: BAh7BiIKZmxhc2hJQzonQWN0aW9uQ29udHJvbGxlcjo6Rmxhc2g6OkZsYXNo
SGFzaHsABjoKQHVzZWR7AA==--4b4d23336279a961697529df6ac62ad92c2d812c
  Parameters: {"context_id"=>2, 0=>{"context_id"=>2}, "action"=>"find_all", "controller"=>"tasks"}
  [4;36;1mContext Load (0.000888)[0m   [0;1mSELECT * FROM "contexts" WHERE ("contexts"."id" = 2) [0m
Rendering tasks/find_all
Completed in 0.03050 (32 reqs/sec) | DB: 0.00000 (0%) |  [http://localhosttasks/find_all]
  [4;35;1mTask Load (0.000889)[0m   [0mSELECT * FROM "tasks" WHERE ("tasks".context_id = 2) [0m
Sending data 
Completed in 0.05701 (17 reqs/sec) | Rendering: 0.00038 (0%) | DB: 0.00089 (1%) | 200 OK [http://localhosttasks/find_all]


Processing RubyamfController#gateway (for 127.0.0.1 at 2008-08-18 22:20:18) [POST]
  Session ID: BAh7BiIKZmxhc2hJQzonQWN0aW9uQ29udHJvbGxlcjo6Rmxhc2g6OkZsYXNo
SGFzaHsABjoKQHVzZWR7AA==--4b4d23336279a961697529df6ac62ad92c2d812c
  Parameters: {"action"=>"gateway", "controller"=>"rubyamf"}


Processing TasksController#find_all (for 127.0.0.1 at 2008-08-18 22:20:18) [POST]
  Session ID: BAh7BiIKZmxhc2hJQzonQWN0aW9uQ29udHJvbGxlcjo6Rmxhc2g6OkZsYXNo
SGFzaHsABjoKQHVzZWR7AA==--4b4d23336279a961697529df6ac62ad92c2d812c
  Parameters: {"context_id"=>1, 0=>{"context_id"=>1}, "action"=>"find_all", "controller"=>"tasks"}
  [4;36;1mContext Load (0.000679)[0m   [0;1mSELECT * FROM "contexts" WHERE ("contexts"."id" = 1) [0m
Rendering tasks/find_all
Completed in 0.03080 (32 reqs/sec) | DB: 0.00000 (0%) |  [http://localhosttasks/find_all]
  [4;35;1mTask Load (0.000804)[0m   [0mSELECT * FROM "tasks" WHERE ("tasks".context_id = 1) [0m
Sending data 
Completed in 0.05821 (17 reqs/sec) | Rendering: 0.00036 (0%) | DB: 0.00080 (1%) | 200 OK [http://localhosttasks/find_all]
  [4;36;1mContext Load (0.001278)[0m   [0;1mSELECT * FROM "contexts" LIMIT 1[0m
  [4;35;1mSQL (0.000703)[0m   [0mSELECT count(*) AS count_all FROM "contexts" [0m
  [4;36;1mContext Load (0.000696)[0m   [0;1mSELECT * FROM "contexts" WHERE (parent_id is null) LIMIT 1[0m
  [4;35;1mContext Load (0.001166)[0m   [0mSELECT * FROM "contexts" WHERE (parent_id is null) LIMIT 1[0m
  [4;36;1mContext Load (0.001138)[0m   [0;1mSELECT * FROM "contexts" WHERE ("contexts"."parent_id" = 1) ORDER BY "lft"[0m
  [4;35;1mSQL (0.000781)[0m   [0mSELECT count(*) AS count_all FROM "contexts" WHERE ("contexts"."parent_id" = 1) [0m


Processing RubyamfController#gateway (for 127.0.0.1 at 2008-08-19 09:28:10) [POST]
  Session ID: 0f9bf0916246288d7c78c1df2e78479a
  Parameters: {"action"=>"gateway", "controller"=>"rubyamf"}
Sending data 
Completed in 0.01058 (94 reqs/sec) | Rendering: 0.00030 (2%) | DB: 0.00000 (0%) | 200 OK [http://localhost/rubyamf_gateway/]


Processing RubyamfController#gateway (for 127.0.0.1 at 2008-08-19 09:28:10) [POST]
  Session ID: BAh7BiIKZmxhc2hJQzonQWN0aW9uQ29udHJvbGxlcjo6Rmxhc2g6OkZsYXNo
SGFzaHsABjoKQHVzZWR7AA==--4b4d23336279a961697529df6ac62ad92c2d812c
  Parameters: {"action"=>"gateway", "controller"=>"rubyamf"}


Processing ContextsController#load_tree (for 127.0.0.1 at 2008-08-19 09:28:10) [POST]
  Session ID: BAh7BiIKZmxhc2hJQzonQWN0aW9uQ29udHJvbGxlcjo6Rmxhc2g6OkZsYXNo
SGFzaHsABjoKQHVzZWR7AA==--4b4d23336279a961697529df6ac62ad92c2d812c
  Parameters: {"action"=>"load_tree", "controller"=>"contexts"}
  [4;36;1mContext Load (0.001032)[0m   [0;1mSELECT * FROM "contexts" WHERE (parent_id is null) LIMIT 1[0m
Rendering contexts/load_tree
Completed in 0.01917 (52 reqs/sec) | DB: 0.00000 (0%) |  [http://localhostcontexts/load_tree]
  [4;35;1mContext Load (0.001123)[0m   [0mSELECT * FROM "contexts" WHERE ("contexts"."parent_id" = 1) ORDER BY "lft"[0m
  [4;36;1mContext Load (0.001104)[0m   [0;1mSELECT * FROM "contexts" WHERE ("contexts"."parent_id" = 2) ORDER BY "lft"[0m
  [4;35;1mContext Load (0.000340)[0m   [0mSELECT * FROM "contexts" WHERE ("contexts"."parent_id" = 4) ORDER BY "lft"[0m
  [4;36;1mContext Load (0.000326)[0m   [0;1mSELECT * FROM "contexts" WHERE ("contexts"."parent_id" = 5) ORDER BY "lft"[0m
  [4;35;1mContext Load (0.000338)[0m   [0mSELECT * FROM "contexts" WHERE ("contexts"."parent_id" = 3) ORDER BY "lft"[0m
Sending data 
Completed in 0.07354 (13 reqs/sec) | Rendering: 0.00038 (0%) | DB: 0.00323 (4%) | 200 OK [http://localhostcontexts/load_tree]


Processing RubyamfController#gateway (for 127.0.0.1 at 2008-08-19 09:29:04) [POST]
  Session ID: BAh7BiIKZmxhc2hJQzonQWN0aW9uQ29udHJvbGxlcjo6Rmxhc2g6OkZsYXNo
SGFzaHsABjoKQHVzZWR7AA==--4b4d23336279a961697529df6ac62ad92c2d812c
  Parameters: {"action"=>"gateway", "controller"=>"rubyamf"}
Sending data 
Completed in 0.00946 (105 reqs/sec) | Rendering: 0.00030 (3%) | DB: 0.00000 (0%) | 200 OK [http://localhost/rubyamf_gateway/]


Processing RubyamfController#gateway (for 127.0.0.1 at 2008-08-19 09:29:04) [POST]
  Session ID: BAh7BiIKZmxhc2hJQzonQWN0aW9uQ29udHJvbGxlcjo6Rmxhc2g6OkZsYXNo
SGFzaHsABjoKQHVzZWR7AA==--4b4d23336279a961697529df6ac62ad92c2d812c
  Parameters: {"action"=>"gateway", "controller"=>"rubyamf"}


Processing TasksController#find_all (for 127.0.0.1 at 2008-08-19 09:29:04) [POST]
  Session ID: BAh7BiIKZmxhc2hJQzonQWN0aW9uQ29udHJvbGxlcjo6Rmxhc2g6OkZsYXNo
SGFzaHsABjoKQHVzZWR7AA==--4b4d23336279a961697529df6ac62ad92c2d812c
  Parameters: {"context_id"=>1, 0=>{"context_id"=>1}, "action"=>"find_all", "controller"=>"tasks"}
  [4;36;1mContext Load (0.000700)[0m   [0;1mSELECT * FROM "contexts" WHERE ("contexts"."id" = 1) [0m
Rendering tasks/find_all
Completed in 0.03180 (31 reqs/sec) | DB: 0.00000 (0%) |  [http://localhosttasks/find_all]
  [4;35;1mTask Load (0.000915)[0m   [0mSELECT * FROM "tasks" WHERE ("tasks".context_id = 1) [0m
Sending data 
Completed in 0.06624 (15 reqs/sec) | Rendering: 0.00040 (0%) | DB: 0.00092 (1%) | 200 OK [http://localhosttasks/find_all]
DEPRECATION WARNING: unverifiable_types is deprecated and has no effect. (called from /Users/tony/work/preso_code/flex_and_rails/rails_awesome_stuff/vendor/plugins/rubyamf/app/mime_type.rb:3)
/!\ FAILSAFE /!\  Tue May 05 08:38:49 -0700 2009
  Status: 500 Internal Server Error
  private method `split' called for #<Mime::Type:0x26367d8>
    /opt/local/lib/ruby/gems/1.8/gems/actionpack-2.3.2/lib/action_controller/mime_type.rb:206:in `method_missing'
    /opt/local/lib/ruby/gems/1.8/gems/rack-1.0.0/lib/rack/request.rb:51:in `media_type'
    /opt/local/lib/ruby/gems/1.8/gems/rack-1.0.0/lib/rack/request.rb:117:in `parseable_data?'
    /opt/local/lib/ruby/gems/1.8/gems/rack-1.0.0/lib/rack/request.rb:138:in `POST'
    /opt/local/lib/ruby/gems/1.8/gems/actionpack-2.3.2/lib/action_controller/request.rb:428:in `request_parameters'
    /opt/local/lib/ruby/gems/1.8/gems/actionpack-2.3.2/lib/action_controller/request.rb:381:in `parameters'
    /opt/local/lib/ruby/gems/1.8/gems/actionpack-2.3.2/lib/action_controller/base.rb:1279:in `assign_shortcuts'
    /opt/local/lib/ruby/gems/1.8/gems/actionpack-2.3.2/lib/action_controller/base.rb:518:in `process_without_filters'
    /opt/local/lib/ruby/gems/1.8/gems/actionpack-2.3.2/lib/action_controller/filters.rb:606:in `process'
    /opt/local/lib/ruby/gems/1.8/gems/actionpack-2.3.2/lib/action_controller/rescue.rb:65:in `call_with_exception'
    /opt/local/lib/ruby/gems/1.8/gems/actionpack-2.3.2/lib/action_controller/dispatcher.rb:91:in `dispatch'
    /opt/local/lib/ruby/gems/1.8/gems/actionpack-2.3.2/lib/action_controller/dispatcher.rb:111:in `_call'
    /opt/local/lib/ruby/gems/1.8/gems/actionpack-2.3.2/lib/action_controller/dispatcher.rb:82:in `initialize'
    /opt/local/lib/ruby/gems/1.8/gems/activerecord-2.3.2/lib/active_record/query_cache.rb:29:in `call'
    /opt/local/lib/ruby/gems/1.8/gems/activerecord-2.3.2/lib/active_record/query_cache.rb:29:in `call'
    /opt/local/lib/ruby/gems/1.8/gems/activerecord-2.3.2/lib/active_record/connection_adapters/abstract/query_cache.rb:34:in `cache'
    /opt/local/lib/ruby/gems/1.8/gems/activerecord-2.3.2/lib/active_record/query_cache.rb:9:in `cache'
    /opt/local/lib/ruby/gems/1.8/gems/activerecord-2.3.2/lib/active_record/query_cache.rb:28:in `call'
    /opt/local/lib/ruby/gems/1.8/gems/activerecord-2.3.2/lib/active_record/connection_adapters/abstract/connection_pool.rb:361:in `call'
    /opt/local/lib/ruby/gems/1.8/gems/rack-1.0.0/lib/rack/head.rb:9:in `call'
    /opt/local/lib/ruby/gems/1.8/gems/rack-1.0.0/lib/rack/methodoverride.rb:24:in `call'
    /opt/local/lib/ruby/gems/1.8/gems/actionpack-2.3.2/lib/action_controller/params_parser.rb:15:in `call'
    /opt/local/lib/ruby/gems/1.8/gems/actionpack-2.3.2/lib/action_controller/rewindable_input.rb:25:in `call'
    /opt/local/lib/ruby/gems/1.8/gems/actionpack-2.3.2/lib/action_controller/session/cookie_store.rb:93:in `call'
    /opt/local/lib/ruby/gems/1.8/gems/actionpack-2.3.2/lib/action_controller/reloader.rb:9:in `call'
    /opt/local/lib/ruby/gems/1.8/gems/actionpack-2.3.2/lib/action_controller/failsafe.rb:11:in `call'
    /opt/local/lib/ruby/gems/1.8/gems/rack-1.0.0/lib/rack/lock.rb:11:in `call'
    /opt/local/lib/ruby/gems/1.8/gems/rack-1.0.0/lib/rack/lock.rb:11:in `synchronize'
    /opt/local/lib/ruby/gems/1.8/gems/rack-1.0.0/lib/rack/lock.rb:11:in `call'
    /opt/local/lib/ruby/gems/1.8/gems/actionpack-2.3.2/lib/action_controller/dispatcher.rb:106:in `call'
    /opt/local/lib/ruby/gems/1.8/gems/rails-2.3.2/lib/rails/rack/static.rb:31:in `call'
    /opt/local/lib/ruby/gems/1.8/gems/rack-1.0.0/lib/rack/urlmap.rb:46:in `call'
    /opt/local/lib/ruby/gems/1.8/gems/rack-1.0.0/lib/rack/urlmap.rb:40:in `each'
    /opt/local/lib/ruby/gems/1.8/gems/rack-1.0.0/lib/rack/urlmap.rb:40:in `call'
    /opt/local/lib/ruby/gems/1.8/gems/rails-2.3.2/lib/rails/rack/log_tailer.rb:17:in `call'
    /opt/local/lib/ruby/gems/1.8/gems/rack-1.0.0/lib/rack/content_length.rb:13:in `call'
    /opt/local/lib/ruby/gems/1.8/gems/rack-1.0.0/lib/rack/chunked.rb:15:in `call'
    /opt/local/lib/ruby/gems/1.8/gems/rack-1.0.0/lib/rack/handler/mongrel.rb:61:in `process'
    /opt/local/lib/ruby/gems/1.8/gems/mongrel-1.1.5/lib/mongrel.rb:159:in `process_client'
    /opt/local/lib/ruby/gems/1.8/gems/mongrel-1.1.5/lib/mongrel.rb:158:in `each'
    /opt/local/lib/ruby/gems/1.8/gems/mongrel-1.1.5/lib/mongrel.rb:158:in `process_client'
    /opt/local/lib/ruby/gems/1.8/gems/mongrel-1.1.5/lib/mongrel.rb:285:in `run'
    /opt/local/lib/ruby/gems/1.8/gems/mongrel-1.1.5/lib/mongrel.rb:285:in `initialize'
    /opt/local/lib/ruby/gems/1.8/gems/mongrel-1.1.5/lib/mongrel.rb:285:in `new'
    /opt/local/lib/ruby/gems/1.8/gems/mongrel-1.1.5/lib/mongrel.rb:285:in `run'
    /opt/local/lib/ruby/gems/1.8/gems/mongrel-1.1.5/lib/mongrel.rb:268:in `initialize'
    /opt/local/lib/ruby/gems/1.8/gems/mongrel-1.1.5/lib/mongrel.rb:268:in `new'
    /opt/local/lib/ruby/gems/1.8/gems/mongrel-1.1.5/lib/mongrel.rb:268:in `run'
    /opt/local/lib/ruby/gems/1.8/gems/rack-1.0.0/lib/rack/handler/mongrel.rb:34:in `run'
    /opt/local/lib/ruby/gems/1.8/gems/rails-2.3.2/lib/commands/server.rb:111
    /opt/local/lib/ruby/site_ruby/1.8/rubygems/custom_require.rb:31:in `gem_original_require'
    /opt/local/lib/ruby/site_ruby/1.8/rubygems/custom_require.rb:31:in `require'
    ./script/server:3


Processing RubyamfController#gateway (for 127.0.0.1 at 2009-05-05 08:41:22) [POST]
  Session ID: e2c7b3f38bab7fb4d6ac5bed1ad3d834
  Parameters: {"action"=>"gateway", "controller"=>"rubyamf"}
Sending data 
Completed in 0.04120 (24 reqs/sec) | Rendering: 0.00085 (2%) | DB: 0.00000 (0%) | 200 OK [http://localhost/rubyamf_gateway/]


Processing RubyamfController#gateway (for 127.0.0.1 at 2009-05-05 08:41:23) [POST]
  Session ID: BAh7BiIKZmxhc2hJQzonQWN0aW9uQ29udHJvbGxlcjo6Rmxhc2g6OkZsYXNo
SGFzaHsABjoKQHVzZWR7AA==--4b4d23336279a961697529df6ac62ad92c2d812c
  Parameters: {"action"=>"gateway", "controller"=>"rubyamf"}


Processing ContextsController#load_tree (for 127.0.0.1 at 2009-05-05 08:41:23) [POST]
  Session ID: BAh7BiIKZmxhc2hJQzonQWN0aW9uQ29udHJvbGxlcjo6Rmxhc2g6OkZsYXNo
SGFzaHsABjoKQHVzZWR7AA==--4b4d23336279a961697529df6ac62ad92c2d812c
  Parameters: {"action"=>"load_tree", "controller"=>"contexts"}
  [4;36;1mContext Load (0.019219)[0m   [0;1mSELECT * FROM "contexts" WHERE (parent_id is null) LIMIT 1[0m
Rendering contexts/load_tree
Completed in 0.04176 (23 reqs/sec) | DB: 0.00000 (0%) |  [http://localhostcontexts/load_tree]
  [4;35;1mContext Load (0.002717)[0m   [0mSELECT * FROM "contexts" WHERE ("contexts"."parent_id" = 1) ORDER BY "lft"[0m
  [4;36;1mContext Load (0.001577)[0m   [0;1mSELECT * FROM "contexts" WHERE ("contexts"."parent_id" = 2) ORDER BY "lft"[0m
  [4;35;1mContext Load (0.000497)[0m   [0mSELECT * FROM "contexts" WHERE ("contexts"."parent_id" = 4) ORDER BY "lft"[0m
  [4;36;1mContext Load (0.000400)[0m   [0;1mSELECT * FROM "contexts" WHERE ("contexts"."parent_id" = 5) ORDER BY "lft"[0m
  [4;35;1mContext Load (0.000387)[0m   [0mSELECT * FROM "contexts" WHERE ("contexts"."parent_id" = 3) ORDER BY "lft"[0m
Sending data 
Completed in 0.24125 (4 reqs/sec) | Rendering: 0.00074 (0%) | DB: 0.00558 (2%) | 200 OK [http://localhostcontexts/load_tree]


Processing RubyamfController#gateway (for 127.0.0.1 at 2009-05-05 08:41:27) [POST]
  Session ID: BAh7BiIKZmxhc2hJQzonQWN0aW9uQ29udHJvbGxlcjo6Rmxhc2g6OkZsYXNo
SGFzaHsABjoKQHVzZWR7AA==--4b4d23336279a961697529df6ac62ad92c2d812c
  Parameters: {"action"=>"gateway", "controller"=>"rubyamf"}
Sending data 
Completed in 0.01125 (88 reqs/sec) | Rendering: 0.00062 (5%) | DB: 0.00000 (0%) | 200 OK [http://localhost/rubyamf_gateway/]


Processing RubyamfController#gateway (for 127.0.0.1 at 2009-05-05 08:41:27) [POST]
  Session ID: BAh7BiIKZmxhc2hJQzonQWN0aW9uQ29udHJvbGxlcjo6Rmxhc2g6OkZsYXNo
SGFzaHsABjoKQHVzZWR7AA==--4b4d23336279a961697529df6ac62ad92c2d812c
  Parameters: {"action"=>"gateway", "controller"=>"rubyamf"}


Processing TasksController#find_all (for 127.0.0.1 at 2009-05-05 08:41:27) [POST]
  Session ID: BAh7BiIKZmxhc2hJQzonQWN0aW9uQ29udHJvbGxlcjo6Rmxhc2g6OkZsYXNo
SGFzaHsABjoKQHVzZWR7AA==--4b4d23336279a961697529df6ac62ad92c2d812c
  Parameters: {"context_id"=>4, 0=>{"context_id"=>4}, "action"=>"find_all", "controller"=>"tasks"}
  [4;36;1mContext Load (0.000748)[0m   [0;1mSELECT * FROM "contexts" WHERE ("contexts"."id" = 4) [0m
Rendering tasks/find_all
Completed in 0.03524 (28 reqs/sec) | DB: 0.00000 (0%) |  [http://localhosttasks/find_all]
  [4;35;1mTask Load (0.000818)[0m   [0mSELECT * FROM "tasks" WHERE ("tasks".context_id = 4) [0m
Sending data 
Completed in 0.12158 (8 reqs/sec) | Rendering: 0.00095 (0%) | DB: 0.00082 (0%) | 200 OK [http://localhosttasks/find_all]


Processing RubyamfController#gateway (for 127.0.0.1 at 2009-05-05 08:41:29) [POST]
  Session ID: BAh7BiIKZmxhc2hJQzonQWN0aW9uQ29udHJvbGxlcjo6Rmxhc2g6OkZsYXNo
SGFzaHsABjoKQHVzZWR7AA==--4b4d23336279a961697529df6ac62ad92c2d812c
  Parameters: {"action"=>"gateway", "controller"=>"rubyamf"}


Processing TasksController#find_all (for 127.0.0.1 at 2009-05-05 08:41:29) [POST]
  Session ID: BAh7BiIKZmxhc2hJQzonQWN0aW9uQ29udHJvbGxlcjo6Rmxhc2g6OkZsYXNo
SGFzaHsABjoKQHVzZWR7AA==--4b4d23336279a961697529df6ac62ad92c2d812c
  Parameters: {"context_id"=>2, 0=>{"context_id"=>2}, "action"=>"find_all", "controller"=>"tasks"}
  [4;36;1mContext Load (0.000695)[0m   [0;1mSELECT * FROM "contexts" WHERE ("contexts"."id" = 2) [0m
Rendering tasks/find_all
Completed in 0.03684 (27 reqs/sec) | DB: 0.00000 (0%) |  [http://localhosttasks/find_all]
  [4;35;1mTask Load (0.001244)[0m   [0mSELECT * FROM "tasks" WHERE ("tasks".context_id = 2) [0m
Sending data 
Completed in 0.10449 (9 reqs/sec) | Rendering: 0.00074 (0%) | DB: 0.00124 (1%) | 200 OK [http://localhosttasks/find_all]


Processing RubyamfController#gateway (for 127.0.0.1 at 2009-05-05 08:41:32) [POST]
  Session ID: BAh7BiIKZmxhc2hJQzonQWN0aW9uQ29udHJvbGxlcjo6Rmxhc2g6OkZsYXNo
SGFzaHsABjoKQHVzZWR7AA==--4b4d23336279a961697529df6ac62ad92c2d812c
  Parameters: {"action"=>"gateway", "controller"=>"rubyamf"}


Processing TasksController#find_all (for 127.0.0.1 at 2009-05-05 08:41:32) [POST]
  Session ID: BAh7BiIKZmxhc2hJQzonQWN0aW9uQ29udHJvbGxlcjo6Rmxhc2g6OkZsYXNo
SGFzaHsABjoKQHVzZWR7AA==--4b4d23336279a961697529df6ac62ad92c2d812c
  Parameters: {"context_id"=>5, 0=>{"context_id"=>5}, "action"=>"find_all", "controller"=>"tasks"}
  [4;36;1mContext Load (0.000721)[0m   [0;1mSELECT * FROM "contexts" WHERE ("contexts"."id" = 5) [0m
Rendering tasks/find_all
Completed in 0.03675 (27 reqs/sec) | DB: 0.00000 (0%) |  [http://localhosttasks/find_all]
  [4;35;1mTask Load (0.000320)[0m   [0mSELECT * FROM "tasks" WHERE ("tasks".context_id = 5) [0m
Sending data 
Completed in 0.09094 (10 reqs/sec) | Rendering: 0.00071 (0%) | DB: 0.00032 (0%) | 200 OK [http://localhosttasks/find_all]


Processing RubyamfController#gateway (for 127.0.0.1 at 2009-05-05 08:41:33) [POST]
  Session ID: BAh7BiIKZmxhc2hJQzonQWN0aW9uQ29udHJvbGxlcjo6Rmxhc2g6OkZsYXNo
SGFzaHsABjoKQHVzZWR7AA==--4b4d23336279a961697529df6ac62ad92c2d812c
  Parameters: {"action"=>"gateway", "controller"=>"rubyamf"}


Processing TasksController#find_all (for 127.0.0.1 at 2009-05-05 08:41:33) [POST]
  Session ID: BAh7BiIKZmxhc2hJQzonQWN0aW9uQ29udHJvbGxlcjo6Rmxhc2g6OkZsYXNo
SGFzaHsABjoKQHVzZWR7AA==--4b4d23336279a961697529df6ac62ad92c2d812c
  Parameters: {"context_id"=>3, 0=>{"context_id"=>3}, "action"=>"find_all", "controller"=>"tasks"}
  [4;36;1mContext Load (0.000878)[0m   [0;1mSELECT * FROM "contexts" WHERE ("contexts"."id" = 3) [0m
Rendering tasks/find_all
Completed in 0.03687 (27 reqs/sec) | DB: 0.00000 (0%) |  [http://localhosttasks/find_all]
  [4;35;1mTask Load (0.000738)[0m   [0mSELECT * FROM "tasks" WHERE ("tasks".context_id = 3) [0m
Sending data 
Completed in 0.09965 (10 reqs/sec) | Rendering: 0.00108 (1%) | DB: 0.00074 (0%) | 200 OK [http://localhosttasks/find_all]


Processing RubyamfController#gateway (for 127.0.0.1 at 2009-05-05 08:41:35) [POST]
  Session ID: BAh7BiIKZmxhc2hJQzonQWN0aW9uQ29udHJvbGxlcjo6Rmxhc2g6OkZsYXNo
SGFzaHsABjoKQHVzZWR7AA==--4b4d23336279a961697529df6ac62ad92c2d812c
  Parameters: {"action"=>"gateway", "controller"=>"rubyamf"}


Processing TasksController#find_all (for 127.0.0.1 at 2009-05-05 08:41:35) [POST]
  Session ID: BAh7BiIKZmxhc2hJQzonQWN0aW9uQ29udHJvbGxlcjo6Rmxhc2g6OkZsYXNo
SGFzaHsABjoKQHVzZWR7AA==--4b4d23336279a961697529df6ac62ad92c2d812c
  Parameters: {"context_id"=>1, 0=>{"context_id"=>1}, "action"=>"find_all", "controller"=>"tasks"}
  [4;36;1mContext Load (0.001057)[0m   [0;1mSELECT * FROM "contexts" WHERE ("contexts"."id" = 1) [0m
Rendering tasks/find_all
Completed in 0.03916 (25 reqs/sec) | DB: 0.00000 (0%) |  [http://localhosttasks/find_all]
  [4;35;1mTask Load (0.001012)[0m   [0mSELECT * FROM "tasks" WHERE ("tasks".context_id = 1) [0m
Sending data 
Completed in 0.20678 (4 reqs/sec) | Rendering: 0.00071 (0%) | DB: 0.00101 (0%) | 200 OK [http://localhosttasks/find_all]
DEPRECATION WARNING: unverifiable_types is deprecated and has no effect. (called from /Users/tony/work/preso_code/flex_and_rails/rails_awesome_stuff/vendor/plugins/rubyamf/app/mime_type.rb:3)
/!\ FAILSAFE /!\  Tue May 05 08:42:23 -0700 2009
  Status: 500 Internal Server Error
  private method `split' called for #<Mime::Type:0x26367d8>
    /opt/local/lib/ruby/gems/1.8/gems/actionpack-2.3.2/lib/action_controller/mime_type.rb:206:in `method_missing'
    /opt/local/lib/ruby/gems/1.8/gems/rack-1.0.0/lib/rack/request.rb:51:in `media_type'
    /opt/local/lib/ruby/gems/1.8/gems/rack-1.0.0/lib/rack/request.rb:117:in `parseable_data?'
    /opt/local/lib/ruby/gems/1.8/gems/rack-1.0.0/lib/rack/request.rb:138:in `POST'
    /opt/local/lib/ruby/gems/1.8/gems/actionpack-2.3.2/lib/action_controller/request.rb:428:in `request_parameters'
    /opt/local/lib/ruby/gems/1.8/gems/actionpack-2.3.2/lib/action_controller/request.rb:381:in `parameters'
    /opt/local/lib/ruby/gems/1.8/gems/actionpack-2.3.2/lib/action_controller/base.rb:1279:in `assign_shortcuts'
    /opt/local/lib/ruby/gems/1.8/gems/actionpack-2.3.2/lib/action_controller/base.rb:518:in `process_without_filters'
    /opt/local/lib/ruby/gems/1.8/gems/actionpack-2.3.2/lib/action_controller/filters.rb:606:in `process'
    /opt/local/lib/ruby/gems/1.8/gems/actionpack-2.3.2/lib/action_controller/rescue.rb:65:in `call_with_exception'
    /opt/local/lib/ruby/gems/1.8/gems/actionpack-2.3.2/lib/action_controller/dispatcher.rb:91:in `dispatch'
    /opt/local/lib/ruby/gems/1.8/gems/actionpack-2.3.2/lib/action_controller/dispatcher.rb:111:in `_call'
    /opt/local/lib/ruby/gems/1.8/gems/actionpack-2.3.2/lib/action_controller/dispatcher.rb:82:in `initialize'
    /opt/local/lib/ruby/gems/1.8/gems/activerecord-2.3.2/lib/active_record/query_cache.rb:29:in `call'
    /opt/local/lib/ruby/gems/1.8/gems/activerecord-2.3.2/lib/active_record/query_cache.rb:29:in `call'
    /opt/local/lib/ruby/gems/1.8/gems/activerecord-2.3.2/lib/active_record/connection_adapters/abstract/query_cache.rb:34:in `cache'
    /opt/local/lib/ruby/gems/1.8/gems/activerecord-2.3.2/lib/active_record/query_cache.rb:9:in `cache'
    /opt/local/lib/ruby/gems/1.8/gems/activerecord-2.3.2/lib/active_record/query_cache.rb:28:in `call'
    /opt/local/lib/ruby/gems/1.8/gems/activerecord-2.3.2/lib/active_record/connection_adapters/abstract/connection_pool.rb:361:in `call'
    /opt/local/lib/ruby/gems/1.8/gems/rack-1.0.0/lib/rack/head.rb:9:in `call'
    /opt/local/lib/ruby/gems/1.8/gems/rack-1.0.0/lib/rack/methodoverride.rb:24:in `call'
    /opt/local/lib/ruby/gems/1.8/gems/actionpack-2.3.2/lib/action_controller/params_parser.rb:15:in `call'
    /opt/local/lib/ruby/gems/1.8/gems/actionpack-2.3.2/lib/action_controller/rewindable_input.rb:25:in `call'
    /opt/local/lib/ruby/gems/1.8/gems/actionpack-2.3.2/lib/action_controller/session/cookie_store.rb:93:in `call'
    /opt/local/lib/ruby/gems/1.8/gems/actionpack-2.3.2/lib/action_controller/reloader.rb:9:in `call'
    /opt/local/lib/ruby/gems/1.8/gems/actionpack-2.3.2/lib/action_controller/failsafe.rb:11:in `call'
    /opt/local/lib/ruby/gems/1.8/gems/rack-1.0.0/lib/rack/lock.rb:11:in `call'
    /opt/local/lib/ruby/gems/1.8/gems/rack-1.0.0/lib/rack/lock.rb:11:in `synchronize'
    /opt/local/lib/ruby/gems/1.8/gems/rack-1.0.0/lib/rack/lock.rb:11:in `call'
    /opt/local/lib/ruby/gems/1.8/gems/actionpack-2.3.2/lib/action_controller/dispatcher.rb:106:in `call'
    /opt/local/lib/ruby/gems/1.8/gems/rails-2.3.2/lib/rails/rack/static.rb:31:in `call'
    /opt/local/lib/ruby/gems/1.8/gems/rack-1.0.0/lib/rack/urlmap.rb:46:in `call'
    /opt/local/lib/ruby/gems/1.8/gems/rack-1.0.0/lib/rack/urlmap.rb:40:in `each'
    /opt/local/lib/ruby/gems/1.8/gems/rack-1.0.0/lib/rack/urlmap.rb:40:in `call'
    /opt/local/lib/ruby/gems/1.8/gems/rails-2.3.2/lib/rails/rack/log_tailer.rb:17:in `call'
    /opt/local/lib/ruby/gems/1.8/gems/rack-1.0.0/lib/rack/content_length.rb:13:in `call'
    /opt/local/lib/ruby/gems/1.8/gems/rack-1.0.0/lib/rack/chunked.rb:15:in `call'
    /opt/local/lib/ruby/gems/1.8/gems/rack-1.0.0/lib/rack/handler/mongrel.rb:61:in `process'
    /opt/local/lib/ruby/gems/1.8/gems/mongrel-1.1.5/lib/mongrel.rb:159:in `process_client'
    /opt/local/lib/ruby/gems/1.8/gems/mongrel-1.1.5/lib/mongrel.rb:158:in `each'
    /opt/local/lib/ruby/gems/1.8/gems/mongrel-1.1.5/lib/mongrel.rb:158:in `process_client'
    /opt/local/lib/ruby/gems/1.8/gems/mongrel-1.1.5/lib/mongrel.rb:285:in `run'
    /opt/local/lib/ruby/gems/1.8/gems/mongrel-1.1.5/lib/mongrel.rb:285:in `initialize'
    /opt/local/lib/ruby/gems/1.8/gems/mongrel-1.1.5/lib/mongrel.rb:285:in `new'
    /opt/local/lib/ruby/gems/1.8/gems/mongrel-1.1.5/lib/mongrel.rb:285:in `run'
    /opt/local/lib/ruby/gems/1.8/gems/mongrel-1.1.5/lib/mongrel.rb:268:in `initialize'
    /opt/local/lib/ruby/gems/1.8/gems/mongrel-1.1.5/lib/mongrel.rb:268:in `new'
    /opt/local/lib/ruby/gems/1.8/gems/mongrel-1.1.5/lib/mongrel.rb:268:in `run'
    /opt/local/lib/ruby/gems/1.8/gems/rack-1.0.0/lib/rack/handler/mongrel.rb:34:in `run'
    /opt/local/lib/ruby/gems/1.8/gems/rails-2.3.2/lib/commands/server.rb:111
    /opt/local/lib/ruby/site_ruby/1.8/rubygems/custom_require.rb:31:in `gem_original_require'
    /opt/local/lib/ruby/site_ruby/1.8/rubygems/custom_require.rb:31:in `require'
    ./script/server:3
DEPRECATION WARNING: unverifiable_types is deprecated and has no effect. (called from /Users/tony/work/preso_code/flex_and_rails/rails_awesome_stuff/vendor/plugins/rubyamf/app/mime_type.rb:3)


Processing RubyamfController#gateway (for 127.0.0.1 at 2009-05-05 08:48:39) [POST]
Sending data 
Completed in 13ms (View: 1, DB: 0) | 200 OK [http://localhost/rubyamf_gateway/]


Processing RubyamfController#gateway (for 127.0.0.1 at 2009-05-05 08:48:39) [POST]


Processing ContextsController#load_tree (for 127.0.0.1 at 2009-05-05 08:48:39) [POST]
  [4;36;1mContext Load (1.1ms)[0m   [0;1mSELECT * FROM "contexts" WHERE (parent_id is null) LIMIT 1[0m
Completed in 25ms (DB: 0) | 200 [http://localhostcontexts/load_tree]
  [4;35;1mContext Load (1.3ms)[0m   [0mSELECT * FROM "contexts" WHERE ("contexts"."parent_id" = 1) ORDER BY "lft"[0m
  [4;36;1mContext Load (1.3ms)[0m   [0;1mSELECT * FROM "contexts" WHERE ("contexts"."parent_id" = 2) ORDER BY "lft"[0m
  [4;35;1mContext Load (0.4ms)[0m   [0mSELECT * FROM "contexts" WHERE ("contexts"."parent_id" = 4) ORDER BY "lft"[0m
  [4;36;1mContext Load (0.4ms)[0m   [0;1mSELECT * FROM "contexts" WHERE ("contexts"."parent_id" = 5) ORDER BY "lft"[0m
  [4;35;1mContext Load (0.8ms)[0m   [0mSELECT * FROM "contexts" WHERE ("contexts"."parent_id" = 3) ORDER BY "lft"[0m
Sending data 
Completed in 155ms (View: 1, DB: 4) | 200 OK [http://localhostcontexts/load_tree]


Processing RubyamfController#gateway (for 127.0.0.1 at 2009-05-05 08:48:52) [POST]
Sending data 
Completed in 13ms (View: 1, DB: 0) | 200 OK [http://localhost/rubyamf_gateway/]


Processing RubyamfController#gateway (for 127.0.0.1 at 2009-05-05 08:48:52) [POST]


Processing TasksController#find_all (for 127.0.0.1 at 2009-05-05 08:48:52) [POST]
  Parameters: {"context_id"=>2, 0=>{"context_id"=>2}}
  [4;36;1mContext Load (0.7ms)[0m   [0;1mSELECT * FROM "contexts" WHERE ("contexts"."id" = 2) [0m
Completed in 41ms (DB: 0) | 200 [http://localhosttasks/find_all]
  [4;35;1mTask Load (0.9ms)[0m   [0mSELECT * FROM "tasks" WHERE ("tasks".context_id = 2) [0m
Sending data 
Completed in 170ms (View: 1, DB: 1) | 200 OK [http://localhosttasks/find_all]


Processing RubyamfController#gateway (for 127.0.0.1 at 2009-05-05 08:48:53) [POST]


Processing TasksController#find_all (for 127.0.0.1 at 2009-05-05 08:48:53) [POST]
  Parameters: {"context_id"=>3, 0=>{"context_id"=>3}}
  [4;36;1mContext Load (0.7ms)[0m   [0;1mSELECT * FROM "contexts" WHERE ("contexts"."id" = 3) [0m
Completed in 40ms (DB: 0) | 200 [http://localhosttasks/find_all]
  [4;35;1mTask Load (0.8ms)[0m   [0mSELECT * FROM "tasks" WHERE ("tasks".context_id = 3) [0m
Sending data 
Completed in 108ms (View: 1, DB: 1) | 200 OK [http://localhosttasks/find_all]


Processing RubyamfController#gateway (for 127.0.0.1 at 2009-05-05 08:48:54) [POST]


Processing TasksController#find_all (for 127.0.0.1 at 2009-05-05 08:48:54) [POST]
  Parameters: {"context_id"=>1, 0=>{"context_id"=>1}}
  [4;36;1mContext Load (0.7ms)[0m   [0;1mSELECT * FROM "contexts" WHERE ("contexts"."id" = 1) [0m
Completed in 41ms (DB: 0) | 200 [http://localhosttasks/find_all]
  [4;35;1mTask Load (1.3ms)[0m   [0mSELECT * FROM "tasks" WHERE ("tasks".context_id = 1) [0m
Sending data 
Completed in 112ms (View: 1, DB: 1) | 200 OK [http://localhosttasks/find_all]
