  [4;36;1mSQL (0.001832)[0m   [0;1m SELECT name
 FROM sqlite_master
 WHERE type = 'table' AND NOT name = 'sqlite_sequence'
[0m
  [4;35;1mSQL (0.000278)[0m   [0mselect sqlite_version(*)[0m
  [4;36;1mSQL (0.002126)[0m   [0;1mCREATE TABLE "schema_migrations" ("version" varchar(255) NOT NULL) [0m
  [4;35;1mSQL (0.001272)[0m   [0mCREATE UNIQUE INDEX "unique_schema_migrations" ON "schema_migrations" ("version")[0m
  [4;36;1mSQL (0.000190)[0m   [0;1m SELECT name
 FROM sqlite_master
 WHERE type = 'table' AND NOT name = 'sqlite_sequence'
[0m
  [4;35;1mSQL (0.000095)[0m   [0mSELECT version FROM schema_migrations[0m
  [4;36;1mSQL (0.002402)[0m   [0;1m SELECT name
 FROM sqlite_master
 WHERE type = 'table' AND NOT name = 'sqlite_sequence'
[0m
  [4;35;1mSQL (0.000140)[0m   [0mSELECT version FROM schema_migrations[0m
  [4;36;1mSQL (0.000092)[0m   [0;1mSELECT version FROM schema_migrations[0m
Migrating to CreateContexts (20080817071838)
  [4;35;1mSQL (0.000089)[0m   [0mSELECT version FROM schema_migrations[0m
  [4;36;1mSQL (0.000186)[0m   [0;1mselect sqlite_version(*)[0m
  [4;35;1mSQL (0.002384)[0m   [0mCREATE TABLE "contexts" ("id" INTEGER PRIMARY KEY AUTOINCREMENT NOT NULL, "label" varchar(255) DEFAULT NULL NULL, "created_at" datetime DEFAULT NULL NULL, "updated_at" datetime DEFAULT NULL NULL) [0m
  [4;36;1mSQL (0.001282)[0m   [0;1mINSERT INTO schema_migrations (version) VALUES ('20080817071838')[0m
Migrating to CreateTasks (20080817071858)
  [4;35;1mSQL (0.000182)[0m   [0mSELECT version FROM schema_migrations[0m
  [4;36;1mSQL (0.017986)[0m   [0;1mCREATE TABLE "tasks" ("id" INTEGER PRIMARY KEY AUTOINCREMENT NOT NULL, "label" varchar(255) DEFAULT NULL NULL, "context_id" integer DEFAULT NULL NULL, "created_at" datetime DEFAULT NULL NULL, "updated_at" datetime DEFAULT NULL NULL) [0m
  [4;35;1mSQL (0.001251)[0m   [0mINSERT INTO schema_migrations (version) VALUES ('20080817071858')[0m
  [4;36;1mSQL (0.000281)[0m   [0;1mSELECT version FROM schema_migrations[0m
  [4;35;1mSQL (0.000267)[0m   [0m SELECT name
 FROM sqlite_master
 WHERE type = 'table' AND NOT name = 'sqlite_sequence'
[0m
  [4;36;1mSQL (0.000055)[0m   [0;1mPRAGMA index_list("contexts")[0m
  [4;35;1mSQL (0.000063)[0m   [0mPRAGMA index_list("tasks")[0m
  [4;36;1mSQL (0.002355)[0m   [0;1mSELECT version FROM schema_migrations[0m
  [4;35;1mSQL (0.000391)[0m   [0m SELECT name
 FROM sqlite_master
 WHERE type = 'table' AND NOT name = 'sqlite_sequence'
[0m
  [4;36;1mSQL (0.000292)[0m   [0;1mSELECT version FROM schema_migrations[0m
Migrating to CreateTasks (20080817071858)
  [4;35;1mSQL (0.000218)[0m   [0mSELECT version FROM schema_migrations[0m
  [4;36;1mSQL (0.002649)[0m   [0;1mDROP TABLE "tasks"[0m
  [4;35;1mSQL (0.017160)[0m   [0mDELETE FROM schema_migrations WHERE version = '20080817071858'[0m
Migrating to CreateContexts (20080817071838)
  [4;36;1mSQL (0.000267)[0m   [0;1mSELECT version FROM schema_migrations[0m
  [4;35;1mSQL (0.001985)[0m   [0mDROP TABLE "contexts"[0m
  [4;36;1mSQL (0.001444)[0m   [0;1mDELETE FROM schema_migrations WHERE version = '20080817071838'[0m
  [4;35;1mSQL (0.000231)[0m   [0mselect sqlite_version(*)[0m
  [4;36;1mSQL (0.000123)[0m   [0;1mSELECT version FROM schema_migrations[0m
  [4;35;1mSQL (0.000198)[0m   [0m SELECT name
 FROM sqlite_master
 WHERE type = 'table' AND NOT name = 'sqlite_sequence'
[0m
  [4;36;1mSQL (0.002411)[0m   [0;1m SELECT name
 FROM sqlite_master
 WHERE type = 'table' AND NOT name = 'sqlite_sequence'
[0m
  [4;35;1mSQL (0.000153)[0m   [0mSELECT version FROM schema_migrations[0m
  [4;36;1mSQL (0.000097)[0m   [0;1mSELECT version FROM schema_migrations[0m
Migrating to CreateContexts (20080817071838)
  [4;35;1mSQL (0.000095)[0m   [0mSELECT version FROM schema_migrations[0m
  [4;36;1mSQL (0.000348)[0m   [0;1mselect sqlite_version(*)[0m
  [4;35;1mSQL (0.002305)[0m   [0mCREATE TABLE "contexts" ("id" INTEGER PRIMARY KEY AUTOINCREMENT NOT NULL, "label" varchar(255) DEFAULT NULL NULL, "created_at" datetime DEFAULT NULL NULL, "updated_at" datetime DEFAULT NULL NULL) [0m
  [4;36;1mSQL (0.010690)[0m   [0;1mINSERT INTO schema_migrations (version) VALUES ('20080817071838')[0m
Migrating to CreateTasks (20080817071858)
  [4;35;1mSQL (0.000267)[0m   [0mSELECT version FROM schema_migrations[0m
  [4;36;1mSQL (0.001349)[0m   [0;1mCREATE TABLE "tasks" ("id" INTEGER PRIMARY KEY AUTOINCREMENT NOT NULL, "label" varchar(255) DEFAULT NULL NULL, "context_id" integer DEFAULT NULL NULL, "created_at" datetime DEFAULT NULL NULL, "updated_at" datetime DEFAULT NULL NULL) [0m
  [4;35;1mSQL (0.001379)[0m   [0mINSERT INTO schema_migrations (version) VALUES ('20080817071858')[0m
  [4;36;1mSQL (0.000329)[0m   [0;1mSELECT version FROM schema_migrations[0m
  [4;35;1mSQL (0.000274)[0m   [0m SELECT name
 FROM sqlite_master
 WHERE type = 'table' AND NOT name = 'sqlite_sequence'
[0m
  [4;36;1mSQL (0.000051)[0m   [0;1mPRAGMA index_list("contexts")[0m
  [4;35;1mSQL (0.000050)[0m   [0mPRAGMA index_list("tasks")[0m
  [4;36;1mSQL (0.002510)[0m   [0;1m SELECT name
 FROM sqlite_master
 WHERE type = 'table' AND NOT name = 'sqlite_sequence'
[0m
  [4;35;1mSQL (0.000238)[0m   [0mSELECT version FROM schema_migrations[0m
  [4;36;1mSQL (0.000227)[0m   [0;1mselect sqlite_version(*)[0m
  [4;35;1mSQL (0.000246)[0m   [0mSELECT version FROM schema_migrations[0m
  [4;36;1mSQL (0.000272)[0m   [0;1m SELECT name
 FROM sqlite_master
 WHERE type = 'table' AND NOT name = 'sqlite_sequence'
[0m
  [4;35;1mSQL (0.000059)[0m   [0mPRAGMA index_list("contexts")[0m
  [4;36;1mSQL (0.000050)[0m   [0;1mPRAGMA index_list("tasks")[0m
  [4;35;1mSQL (0.000163)[0m   [0mselect sqlite_version(*)[0m
  [4;36;1mSQL (0.000284)[0m   [0;1m SELECT name
 FROM sqlite_master
 WHERE type = 'table' AND NOT name = 'sqlite_sequence'
[0m
  [4;35;1mSQL (0.002133)[0m   [0mCREATE TABLE "contexts" ("id" INTEGER PRIMARY KEY AUTOINCREMENT NOT NULL, "label" varchar(255) DEFAULT NULL NULL, "created_at" datetime DEFAULT NULL NULL, "updated_at" datetime DEFAULT NULL NULL) [0m
  [4;36;1mSQL (0.000219)[0m   [0;1m SELECT name
 FROM sqlite_master
 WHERE type = 'table' AND NOT name = 'sqlite_sequence'
[0m
  [4;35;1mSQL (0.001310)[0m   [0mCREATE TABLE "tasks" ("id" INTEGER PRIMARY KEY AUTOINCREMENT NOT NULL, "label" varchar(255) DEFAULT NULL NULL, "context_id" integer DEFAULT NULL NULL, "created_at" datetime DEFAULT NULL NULL, "updated_at" datetime DEFAULT NULL NULL) [0m
  [4;36;1mSQL (0.000273)[0m   [0;1m SELECT name
 FROM sqlite_master
 WHERE type = 'table' AND NOT name = 'sqlite_sequence'
[0m
  [4;35;1mSQL (0.001272)[0m   [0mCREATE TABLE "schema_migrations" ("version" varchar(255) NOT NULL) [0m
  [4;36;1mSQL (0.001732)[0m   [0;1mCREATE UNIQUE INDEX "unique_schema_migrations" ON "schema_migrations" ("version")[0m
  [4;35;1mSQL (0.000489)[0m   [0m SELECT name
 FROM sqlite_master
 WHERE type = 'table' AND NOT name = 'sqlite_sequence'
[0m
  [4;36;1mSQL (0.000122)[0m   [0;1mSELECT version FROM "schema_migrations"[0m
  [4;35;1mSQL (0.003187)[0m   [0mINSERT INTO "schema_migrations" (version) VALUES ('20080817071858')[0m
  [4;36;1mSQL (0.001139)[0m   [0;1mINSERT INTO "schema_migrations" (version) VALUES ('20080817071838')[0m
  [4;36;1mSQL (0.002678)[0m   [0;1m SELECT name
 FROM sqlite_master
 WHERE type = 'table' AND NOT name = 'sqlite_sequence'
[0m
  [4;35;1mSQL (0.000207)[0m   [0mSELECT version FROM schema_migrations[0m
  [4;36;1mSQL (0.000251)[0m   [0;1mselect sqlite_version(*)[0m
  [4;35;1mSQL (0.000251)[0m   [0mSELECT version FROM schema_migrations[0m
  [4;36;1mSQL (0.000278)[0m   [0;1m SELECT name
 FROM sqlite_master
 WHERE type = 'table' AND NOT name = 'sqlite_sequence'
[0m
  [4;35;1mSQL (0.000063)[0m   [0mPRAGMA index_list("contexts")[0m
  [4;36;1mSQL (0.000047)[0m   [0;1mPRAGMA index_list("tasks")[0m
  [4;35;1mSQL (0.000165)[0m   [0mselect sqlite_version(*)[0m
  [4;36;1mSQL (0.000223)[0m   [0;1m SELECT name
 FROM sqlite_master
 WHERE type = 'table' AND NOT name = 'sqlite_sequence'
[0m
  [4;35;1mSQL (0.002481)[0m   [0mCREATE TABLE "contexts" ("id" INTEGER PRIMARY KEY AUTOINCREMENT NOT NULL, "label" varchar(255) DEFAULT NULL NULL, "created_at" datetime DEFAULT NULL NULL, "updated_at" datetime DEFAULT NULL NULL) [0m
  [4;36;1mSQL (0.000262)[0m   [0;1m SELECT name
 FROM sqlite_master
 WHERE type = 'table' AND NOT name = 'sqlite_sequence'
[0m
  [4;35;1mSQL (0.001199)[0m   [0mCREATE TABLE "tasks" ("id" INTEGER PRIMARY KEY AUTOINCREMENT NOT NULL, "label" varchar(255) DEFAULT NULL NULL, "context_id" integer DEFAULT NULL NULL, "created_at" datetime DEFAULT NULL NULL, "updated_at" datetime DEFAULT NULL NULL) [0m
  [4;36;1mSQL (0.000229)[0m   [0;1m SELECT name
 FROM sqlite_master
 WHERE type = 'table' AND NOT name = 'sqlite_sequence'
[0m
  [4;35;1mSQL (0.001305)[0m   [0mCREATE TABLE "schema_migrations" ("version" varchar(255) NOT NULL) [0m
  [4;36;1mSQL (0.001241)[0m   [0;1mCREATE UNIQUE INDEX "unique_schema_migrations" ON "schema_migrations" ("version")[0m
  [4;35;1mSQL (0.000262)[0m   [0m SELECT name
 FROM sqlite_master
 WHERE type = 'table' AND NOT name = 'sqlite_sequence'
[0m
  [4;36;1mSQL (0.000098)[0m   [0;1mSELECT version FROM "schema_migrations"[0m
  [4;35;1mSQL (0.001367)[0m   [0mINSERT INTO "schema_migrations" (version) VALUES ('20080817071858')[0m
  [4;36;1mSQL (0.004923)[0m   [0;1mINSERT INTO "schema_migrations" (version) VALUES ('20080817071838')[0m
  [4;36;1mSQL (0.002465)[0m   [0;1m SELECT name
 FROM sqlite_master
 WHERE type = 'table' AND NOT name = 'sqlite_sequence'
[0m
  [4;35;1mSQL (0.000279)[0m   [0mSELECT version FROM schema_migrations[0m
  [4;36;1mSQL (0.000238)[0m   [0;1mselect sqlite_version(*)[0m
  [4;35;1mSQL (0.000235)[0m   [0mSELECT version FROM schema_migrations[0m
  [4;36;1mSQL (0.000307)[0m   [0;1m SELECT name
 FROM sqlite_master
 WHERE type = 'table' AND NOT name = 'sqlite_sequence'
[0m
  [4;35;1mSQL (0.000064)[0m   [0mPRAGMA index_list("contexts")[0m
  [4;36;1mSQL (0.000047)[0m   [0;1mPRAGMA index_list("tasks")[0m
  [4;35;1mSQL (0.000164)[0m   [0mselect sqlite_version(*)[0m
  [4;36;1mSQL (0.000217)[0m   [0;1m SELECT name
 FROM sqlite_master
 WHERE type = 'table' AND NOT name = 'sqlite_sequence'
[0m
  [4;35;1mSQL (0.002027)[0m   [0mCREATE TABLE "contexts" ("id" INTEGER PRIMARY KEY AUTOINCREMENT NOT NULL, "label" varchar(255) DEFAULT NULL NULL, "created_at" datetime DEFAULT NULL NULL, "updated_at" datetime DEFAULT NULL NULL) [0m
  [4;36;1mSQL (0.000203)[0m   [0;1m SELECT name
 FROM sqlite_master
 WHERE type = 'table' AND NOT name = 'sqlite_sequence'
[0m
  [4;35;1mSQL (0.004893)[0m   [0mCREATE TABLE "tasks" ("id" INTEGER PRIMARY KEY AUTOINCREMENT NOT NULL, "label" varchar(255) DEFAULT NULL NULL, "context_id" integer DEFAULT NULL NULL, "created_at" datetime DEFAULT NULL NULL, "updated_at" datetime DEFAULT NULL NULL) [0m
  [4;36;1mSQL (0.000504)[0m   [0;1m SELECT name
 FROM sqlite_master
 WHERE type = 'table' AND NOT name = 'sqlite_sequence'
[0m
  [4;35;1mSQL (0.001507)[0m   [0mCREATE TABLE "schema_migrations" ("version" varchar(255) NOT NULL) [0m
  [4;36;1mSQL (0.001532)[0m   [0;1mCREATE UNIQUE INDEX "unique_schema_migrations" ON "schema_migrations" ("version")[0m
  [4;35;1mSQL (0.000306)[0m   [0m SELECT name
 FROM sqlite_master
 WHERE type = 'table' AND NOT name = 'sqlite_sequence'
[0m
  [4;36;1mSQL (0.000099)[0m   [0;1mSELECT version FROM "schema_migrations"[0m
  [4;35;1mSQL (0.001227)[0m   [0mINSERT INTO "schema_migrations" (version) VALUES ('20080817071858')[0m
  [4;36;1mSQL (0.001093)[0m   [0;1mINSERT INTO "schema_migrations" (version) VALUES ('20080817071838')[0m
  [4;36;1mSQL (0.002478)[0m   [0;1m SELECT name
 FROM sqlite_master
 WHERE type = 'table' AND NOT name = 'sqlite_sequence'
[0m
  [4;35;1mSQL (0.000202)[0m   [0mSELECT version FROM schema_migrations[0m
  [4;36;1mSQL (0.000237)[0m   [0;1mselect sqlite_version(*)[0m
  [4;35;1mSQL (0.000215)[0m   [0mSELECT version FROM schema_migrations[0m
  [4;36;1mSQL (0.000270)[0m   [0;1m SELECT name
 FROM sqlite_master
 WHERE type = 'table' AND NOT name = 'sqlite_sequence'
[0m
  [4;35;1mSQL (0.000058)[0m   [0mPRAGMA index_list("contexts")[0m
  [4;36;1mSQL (0.000047)[0m   [0;1mPRAGMA index_list("tasks")[0m
  [4;35;1mSQL (0.000161)[0m   [0mselect sqlite_version(*)[0m
  [4;36;1mSQL (0.000222)[0m   [0;1m SELECT name
 FROM sqlite_master
 WHERE type = 'table' AND NOT name = 'sqlite_sequence'
[0m
  [4;35;1mSQL (0.002080)[0m   [0mCREATE TABLE "contexts" ("id" INTEGER PRIMARY KEY AUTOINCREMENT NOT NULL, "label" varchar(255) DEFAULT NULL NULL, "created_at" datetime DEFAULT NULL NULL, "updated_at" datetime DEFAULT NULL NULL) [0m
  [4;36;1mSQL (0.000203)[0m   [0;1m SELECT name
 FROM sqlite_master
 WHERE type = 'table' AND NOT name = 'sqlite_sequence'
[0m
  [4;35;1mSQL (0.001297)[0m   [0mCREATE TABLE "tasks" ("id" INTEGER PRIMARY KEY AUTOINCREMENT NOT NULL, "label" varchar(255) DEFAULT NULL NULL, "context_id" integer DEFAULT NULL NULL, "created_at" datetime DEFAULT NULL NULL, "updated_at" datetime DEFAULT NULL NULL) [0m
  [4;36;1mSQL (0.000253)[0m   [0;1m SELECT name
 FROM sqlite_master
 WHERE type = 'table' AND NOT name = 'sqlite_sequence'
[0m
  [4;35;1mSQL (0.001272)[0m   [0mCREATE TABLE "schema_migrations" ("version" varchar(255) NOT NULL) [0m
  [4;36;1mSQL (0.001384)[0m   [0;1mCREATE UNIQUE INDEX "unique_schema_migrations" ON "schema_migrations" ("version")[0m
  [4;35;1mSQL (0.000364)[0m   [0m SELECT name
 FROM sqlite_master
 WHERE type = 'table' AND NOT name = 'sqlite_sequence'
[0m
  [4;36;1mSQL (0.000099)[0m   [0;1mSELECT version FROM "schema_migrations"[0m
  [4;35;1mSQL (0.001360)[0m   [0mINSERT INTO "schema_migrations" (version) VALUES ('20080817071858')[0m
  [4;36;1mSQL (0.001392)[0m   [0;1mINSERT INTO "schema_migrations" (version) VALUES ('20080817071838')[0m
  [4;36;1mSQL (0.002531)[0m   [0;1m SELECT name
 FROM sqlite_master
 WHERE type = 'table' AND NOT name = 'sqlite_sequence'
[0m
  [4;35;1mSQL (0.000202)[0m   [0mSELECT version FROM schema_migrations[0m
  [4;36;1mSQL (0.000243)[0m   [0;1mselect sqlite_version(*)[0m
  [4;35;1mSQL (0.000211)[0m   [0mSELECT version FROM schema_migrations[0m
  [4;36;1mSQL (0.000271)[0m   [0;1m SELECT name
 FROM sqlite_master
 WHERE type = 'table' AND NOT name = 'sqlite_sequence'
[0m
  [4;35;1mSQL (0.000059)[0m   [0mPRAGMA index_list("contexts")[0m
  [4;36;1mSQL (0.000049)[0m   [0;1mPRAGMA index_list("tasks")[0m
  [4;35;1mSQL (0.000165)[0m   [0mselect sqlite_version(*)[0m
  [4;36;1mSQL (0.000219)[0m   [0;1m SELECT name
 FROM sqlite_master
 WHERE type = 'table' AND NOT name = 'sqlite_sequence'
[0m
  [4;35;1mSQL (0.002034)[0m   [0mCREATE TABLE "contexts" ("id" INTEGER PRIMARY KEY AUTOINCREMENT NOT NULL, "label" varchar(255) DEFAULT NULL NULL, "created_at" datetime DEFAULT NULL NULL, "updated_at" datetime DEFAULT NULL NULL) [0m
  [4;36;1mSQL (0.000210)[0m   [0;1m SELECT name
 FROM sqlite_master
 WHERE type = 'table' AND NOT name = 'sqlite_sequence'
[0m
  [4;35;1mSQL (0.001185)[0m   [0mCREATE TABLE "tasks" ("id" INTEGER PRIMARY KEY AUTOINCREMENT NOT NULL, "label" varchar(255) DEFAULT NULL NULL, "context_id" integer DEFAULT NULL NULL, "created_at" datetime DEFAULT NULL NULL, "updated_at" datetime DEFAULT NULL NULL) [0m
  [4;36;1mSQL (0.000228)[0m   [0;1m SELECT name
 FROM sqlite_master
 WHERE type = 'table' AND NOT name = 'sqlite_sequence'
[0m
  [4;35;1mSQL (0.001229)[0m   [0mCREATE TABLE "schema_migrations" ("version" varchar(255) NOT NULL) [0m
  [4;36;1mSQL (0.001433)[0m   [0;1mCREATE UNIQUE INDEX "unique_schema_migrations" ON "schema_migrations" ("version")[0m
  [4;35;1mSQL (0.000481)[0m   [0m SELECT name
 FROM sqlite_master
 WHERE type = 'table' AND NOT name = 'sqlite_sequence'
[0m
  [4;36;1mSQL (0.000108)[0m   [0;1mSELECT version FROM "schema_migrations"[0m
  [4;35;1mSQL (0.001769)[0m   [0mINSERT INTO "schema_migrations" (version) VALUES ('20080817071858')[0m
  [4;36;1mSQL (0.001344)[0m   [0;1mINSERT INTO "schema_migrations" (version) VALUES ('20080817071838')[0m
  [4;36;1mSQL (0.002776)[0m   [0;1m SELECT name
 FROM sqlite_master
 WHERE type = 'table' AND NOT name = 'sqlite_sequence'
[0m
  [4;35;1mSQL (0.000204)[0m   [0mSELECT version FROM schema_migrations[0m
  [4;36;1mSQL (0.000235)[0m   [0;1mselect sqlite_version(*)[0m
  [4;35;1mSQL (0.000243)[0m   [0mSELECT version FROM schema_migrations[0m
  [4;36;1mSQL (0.000275)[0m   [0;1m SELECT name
 FROM sqlite_master
 WHERE type = 'table' AND NOT name = 'sqlite_sequence'
[0m
  [4;35;1mSQL (0.000059)[0m   [0mPRAGMA index_list("contexts")[0m
  [4;36;1mSQL (0.000048)[0m   [0;1mPRAGMA index_list("tasks")[0m
  [4;35;1mSQL (0.000161)[0m   [0mselect sqlite_version(*)[0m
  [4;36;1mSQL (0.000218)[0m   [0;1m SELECT name
 FROM sqlite_master
 WHERE type = 'table' AND NOT name = 'sqlite_sequence'
[0m
  [4;35;1mSQL (0.002249)[0m   [0mCREATE TABLE "contexts" ("id" INTEGER PRIMARY KEY AUTOINCREMENT NOT NULL, "label" varchar(255) DEFAULT NULL NULL, "created_at" datetime DEFAULT NULL NULL, "updated_at" datetime DEFAULT NULL NULL) [0m
  [4;36;1mSQL (0.000207)[0m   [0;1m SELECT name
 FROM sqlite_master
 WHERE type = 'table' AND NOT name = 'sqlite_sequence'
[0m
  [4;35;1mSQL (0.001143)[0m   [0mCREATE TABLE "tasks" ("id" INTEGER PRIMARY KEY AUTOINCREMENT NOT NULL, "label" varchar(255) DEFAULT NULL NULL, "context_id" integer DEFAULT NULL NULL, "created_at" datetime DEFAULT NULL NULL, "updated_at" datetime DEFAULT NULL NULL) [0m
  [4;36;1mSQL (0.000220)[0m   [0;1m SELECT name
 FROM sqlite_master
 WHERE type = 'table' AND NOT name = 'sqlite_sequence'
[0m
  [4;35;1mSQL (0.001280)[0m   [0mCREATE TABLE "schema_migrations" ("version" varchar(255) NOT NULL) [0m
  [4;36;1mSQL (0.001421)[0m   [0;1mCREATE UNIQUE INDEX "unique_schema_migrations" ON "schema_migrations" ("version")[0m
  [4;35;1mSQL (0.000389)[0m   [0m SELECT name
 FROM sqlite_master
 WHERE type = 'table' AND NOT name = 'sqlite_sequence'
[0m
  [4;36;1mSQL (0.000116)[0m   [0;1mSELECT version FROM "schema_migrations"[0m
  [4;35;1mSQL (0.002365)[0m   [0mINSERT INTO "schema_migrations" (version) VALUES ('20080817071858')[0m
  [4;36;1mSQL (0.001369)[0m   [0;1mINSERT INTO "schema_migrations" (version) VALUES ('20080817071838')[0m
  [4;36;1mSQL (0.002448)[0m   [0;1m SELECT name
 FROM sqlite_master
 WHERE type = 'table' AND NOT name = 'sqlite_sequence'
[0m
  [4;35;1mSQL (0.000202)[0m   [0mSELECT version FROM schema_migrations[0m
  [4;36;1mSQL (0.000337)[0m   [0;1mselect sqlite_version(*)[0m
  [4;35;1mSQL (0.000268)[0m   [0mSELECT version FROM schema_migrations[0m
  [4;36;1mSQL (0.000320)[0m   [0;1m SELECT name
 FROM sqlite_master
 WHERE type = 'table' AND NOT name = 'sqlite_sequence'
[0m
  [4;35;1mSQL (0.000089)[0m   [0mPRAGMA index_list("contexts")[0m
  [4;36;1mSQL (0.000051)[0m   [0;1mPRAGMA index_list("tasks")[0m
  [4;35;1mSQL (0.000171)[0m   [0mselect sqlite_version(*)[0m
  [4;36;1mSQL (0.000351)[0m   [0;1m SELECT name
 FROM sqlite_master
 WHERE type = 'table' AND NOT name = 'sqlite_sequence'
[0m
  [4;35;1mSQL (0.002118)[0m   [0mCREATE TABLE "contexts" ("id" INTEGER PRIMARY KEY AUTOINCREMENT NOT NULL, "label" varchar(255) DEFAULT NULL NULL, "created_at" datetime DEFAULT NULL NULL, "updated_at" datetime DEFAULT NULL NULL) [0m
  [4;36;1mSQL (0.000210)[0m   [0;1m SELECT name
 FROM sqlite_master
 WHERE type = 'table' AND NOT name = 'sqlite_sequence'
[0m
  [4;35;1mSQL (0.001241)[0m   [0mCREATE TABLE "tasks" ("id" INTEGER PRIMARY KEY AUTOINCREMENT NOT NULL, "label" varchar(255) DEFAULT NULL NULL, "context_id" integer DEFAULT NULL NULL, "created_at" datetime DEFAULT NULL NULL, "updated_at" datetime DEFAULT NULL NULL) [0m
  [4;36;1mSQL (0.000237)[0m   [0;1m SELECT name
 FROM sqlite_master
 WHERE type = 'table' AND NOT name = 'sqlite_sequence'
[0m
  [4;35;1mSQL (0.004250)[0m   [0mCREATE TABLE "schema_migrations" ("version" varchar(255) NOT NULL) [0m
  [4;36;1mSQL (0.001457)[0m   [0;1mCREATE UNIQUE INDEX "unique_schema_migrations" ON "schema_migrations" ("version")[0m
  [4;35;1mSQL (0.000346)[0m   [0m SELECT name
 FROM sqlite_master
 WHERE type = 'table' AND NOT name = 'sqlite_sequence'
[0m
  [4;36;1mSQL (0.000114)[0m   [0;1mSELECT version FROM "schema_migrations"[0m
  [4;35;1mSQL (0.001550)[0m   [0mINSERT INTO "schema_migrations" (version) VALUES ('20080817071858')[0m
  [4;36;1mSQL (0.001150)[0m   [0;1mINSERT INTO "schema_migrations" (version) VALUES ('20080817071838')[0m
  [4;36;1mSQL (0.002583)[0m   [0;1m SELECT name
 FROM sqlite_master
 WHERE type = 'table' AND NOT name = 'sqlite_sequence'
[0m
  [4;35;1mSQL (0.000205)[0m   [0mSELECT version FROM schema_migrations[0m
  [4;36;1mSQL (0.000273)[0m   [0;1mselect sqlite_version(*)[0m
  [4;35;1mSQL (0.000214)[0m   [0mSELECT version FROM schema_migrations[0m
  [4;36;1mSQL (0.000291)[0m   [0;1m SELECT name
 FROM sqlite_master
 WHERE type = 'table' AND NOT name = 'sqlite_sequence'
[0m
  [4;35;1mSQL (0.000073)[0m   [0mPRAGMA index_list("contexts")[0m
  [4;36;1mSQL (0.000047)[0m   [0;1mPRAGMA index_list("tasks")[0m
  [4;35;1mSQL (0.000154)[0m   [0mselect sqlite_version(*)[0m
  [4;36;1mSQL (0.000217)[0m   [0;1m SELECT name
 FROM sqlite_master
 WHERE type = 'table' AND NOT name = 'sqlite_sequence'
[0m
  [4;35;1mSQL (0.002190)[0m   [0mCREATE TABLE "contexts" ("id" INTEGER PRIMARY KEY AUTOINCREMENT NOT NULL, "label" varchar(255) DEFAULT NULL NULL, "created_at" datetime DEFAULT NULL NULL, "updated_at" datetime DEFAULT NULL NULL) [0m
  [4;36;1mSQL (0.000197)[0m   [0;1m SELECT name
 FROM sqlite_master
 WHERE type = 'table' AND NOT name = 'sqlite_sequence'
[0m
  [4;35;1mSQL (0.001380)[0m   [0mCREATE TABLE "tasks" ("id" INTEGER PRIMARY KEY AUTOINCREMENT NOT NULL, "label" varchar(255) DEFAULT NULL NULL, "context_id" integer DEFAULT NULL NULL, "created_at" datetime DEFAULT NULL NULL, "updated_at" datetime DEFAULT NULL NULL) [0m
  [4;36;1mSQL (0.000225)[0m   [0;1m SELECT name
 FROM sqlite_master
 WHERE type = 'table' AND NOT name = 'sqlite_sequence'
[0m
  [4;35;1mSQL (0.001343)[0m   [0mCREATE TABLE "schema_migrations" ("version" varchar(255) NOT NULL) [0m
  [4;36;1mSQL (0.001405)[0m   [0;1mCREATE UNIQUE INDEX "unique_schema_migrations" ON "schema_migrations" ("version")[0m
  [4;35;1mSQL (0.000391)[0m   [0m SELECT name
 FROM sqlite_master
 WHERE type = 'table' AND NOT name = 'sqlite_sequence'
[0m
  [4;36;1mSQL (0.000099)[0m   [0;1mSELECT version FROM "schema_migrations"[0m
  [4;35;1mSQL (0.001326)[0m   [0mINSERT INTO "schema_migrations" (version) VALUES ('20080817071858')[0m
  [4;36;1mSQL (0.001332)[0m   [0;1mINSERT INTO "schema_migrations" (version) VALUES ('20080817071838')[0m
  [4;36;1mSQL (0.002534)[0m   [0;1m SELECT name
 FROM sqlite_master
 WHERE type = 'table' AND NOT name = 'sqlite_sequence'
[0m
  [4;35;1mSQL (0.000235)[0m   [0mSELECT version FROM schema_migrations[0m
  [4;36;1mSQL (0.000266)[0m   [0;1mselect sqlite_version(*)[0m
  [4;35;1mSQL (0.000219)[0m   [0mSELECT version FROM schema_migrations[0m
  [4;36;1mSQL (0.000351)[0m   [0;1m SELECT name
 FROM sqlite_master
 WHERE type = 'table' AND NOT name = 'sqlite_sequence'
[0m
  [4;35;1mSQL (0.000058)[0m   [0mPRAGMA index_list("contexts")[0m
  [4;36;1mSQL (0.000050)[0m   [0;1mPRAGMA index_list("tasks")[0m
  [4;35;1mSQL (0.000166)[0m   [0mselect sqlite_version(*)[0m
  [4;36;1mSQL (0.000233)[0m   [0;1m SELECT name
 FROM sqlite_master
 WHERE type = 'table' AND NOT name = 'sqlite_sequence'
[0m
  [4;35;1mSQL (0.002749)[0m   [0mCREATE TABLE "contexts" ("id" INTEGER PRIMARY KEY AUTOINCREMENT NOT NULL, "label" varchar(255) DEFAULT NULL NULL, "created_at" datetime DEFAULT NULL NULL, "updated_at" datetime DEFAULT NULL NULL) [0m
  [4;36;1mSQL (0.000234)[0m   [0;1m SELECT name
 FROM sqlite_master
 WHERE type = 'table' AND NOT name = 'sqlite_sequence'
[0m
  [4;35;1mSQL (0.001143)[0m   [0mCREATE TABLE "tasks" ("id" INTEGER PRIMARY KEY AUTOINCREMENT NOT NULL, "label" varchar(255) DEFAULT NULL NULL, "context_id" integer DEFAULT NULL NULL, "created_at" datetime DEFAULT NULL NULL, "updated_at" datetime DEFAULT NULL NULL) [0m
  [4;36;1mSQL (0.000228)[0m   [0;1m SELECT name
 FROM sqlite_master
 WHERE type = 'table' AND NOT name = 'sqlite_sequence'
[0m
  [4;35;1mSQL (0.008406)[0m   [0mCREATE TABLE "schema_migrations" ("version" varchar(255) NOT NULL) [0m
  [4;36;1mSQL (0.001293)[0m   [0;1mCREATE UNIQUE INDEX "unique_schema_migrations" ON "schema_migrations" ("version")[0m
  [4;35;1mSQL (0.000287)[0m   [0m SELECT name
 FROM sqlite_master
 WHERE type = 'table' AND NOT name = 'sqlite_sequence'
[0m
  [4;36;1mSQL (0.000134)[0m   [0;1mSELECT version FROM "schema_migrations"[0m
  [4;35;1mSQL (0.001388)[0m   [0mINSERT INTO "schema_migrations" (version) VALUES ('20080817071858')[0m
  [4;36;1mSQL (0.001411)[0m   [0;1mINSERT INTO "schema_migrations" (version) VALUES ('20080817071838')[0m


Processing RubyamfController#gateway (for 127.0.0.1 at 2008-08-17 01:29:53) [POST]
  Session ID: BAh7BiIKZmxhc2hJQzonQWN0aW9uQ29udHJvbGxlcjo6Rmxhc2g6OkZsYXNo
SGFzaHsABjoKQHVzZWR7AA==--47bf275f6ba4c078f0b8351f538443e4770ec1ec
  Parameters: {"action"=>"gateway", "controller"=>"rubyamf"}


Processing RubyamfController#gateway (for 127.0.0.1 at 2008-08-17 01:30:18) [POST]
  Session ID: BAh7BiIKZmxhc2hJQzonQWN0aW9uQ29udHJvbGxlcjo6Rmxhc2g6OkZsYXNo
SGFzaHsABjoKQHVzZWR7AA==--4b4d23336279a961697529df6ac62ad92c2d812c
  Parameters: {"action"=>"gateway", "controller"=>"rubyamf"}
Sending data 
Completed in 0.00392 (255 reqs/sec) | Rendering: 0.00026 (6%) | DB: 0.00000 (0%) | 200 OK [http://localhost/rubyamf_gateway/]


Processing RubyamfController#gateway (for 127.0.0.1 at 2008-08-17 01:30:18) [POST]
  Session ID: BAh7BiIKZmxhc2hJQzonQWN0aW9uQ29udHJvbGxlcjo6Rmxhc2g6OkZsYXNo
SGFzaHsABjoKQHVzZWR7AA==--4b4d23336279a961697529df6ac62ad92c2d812c
  Parameters: {"action"=>"gateway", "controller"=>"rubyamf"}


Processing ContextsController#find_all (for 127.0.0.1 at 2008-08-17 01:30:18) [POST]
  Session ID: BAh7BiIKZmxhc2hJQzonQWN0aW9uQ29udHJvbGxlcjo6Rmxhc2g6OkZsYXNo
SGFzaHsABjoKQHVzZWR7AA==--4b4d23336279a961697529df6ac62ad92c2d812c
  Parameters: {"action"=>"find_all", "controller"=>"contexts"}
  [4;36;1mContext Load (0.000405)[0m   [0;1mSELECT * FROM "contexts" [0m
Rendering contexts/find_all
Completed in 0.00601 (166 reqs/sec) | DB: 0.00000 (0%) |  [http://localhostcontexts/find_all]
Sending data 
Completed in 0.01307 (76 reqs/sec) | Rendering: 0.00018 (1%) | DB: 0.00000 (0%) | 200 OK [http://localhostcontexts/find_all]


Processing RubyamfController#gateway (for 127.0.0.1 at 2008-08-17 01:30:54) [POST]
  Session ID: BAh7BiIKZmxhc2hJQzonQWN0aW9uQ29udHJvbGxlcjo6Rmxhc2g6OkZsYXNo
SGFzaHsABjoKQHVzZWR7AA==--4b4d23336279a961697529df6ac62ad92c2d812c
  Parameters: {"action"=>"gateway", "controller"=>"rubyamf"}
Sending data 
Completed in 0.00691 (144 reqs/sec) | Rendering: 0.00025 (3%) | DB: 0.00000 (0%) | 200 OK [http://localhost/rubyamf_gateway/]


Processing RubyamfController#gateway (for 127.0.0.1 at 2008-08-17 01:30:54) [POST]
  Session ID: BAh7BiIKZmxhc2hJQzonQWN0aW9uQ29udHJvbGxlcjo6Rmxhc2g6OkZsYXNo
SGFzaHsABjoKQHVzZWR7AA==--4b4d23336279a961697529df6ac62ad92c2d812c
  Parameters: {"action"=>"gateway", "controller"=>"rubyamf"}


Processing ContextsController#find_all (for 127.0.0.1 at 2008-08-17 01:30:54) [POST]
  Session ID: BAh7BiIKZmxhc2hJQzonQWN0aW9uQ29udHJvbGxlcjo6Rmxhc2g6OkZsYXNo
SGFzaHsABjoKQHVzZWR7AA==--4b4d23336279a961697529df6ac62ad92c2d812c
  Parameters: {"action"=>"find_all", "controller"=>"contexts"}
  [4;36;1mContext Load (0.000781)[0m   [0;1mSELECT * FROM "contexts" [0m
Rendering contexts/find_all
Completed in 0.00675 (148 reqs/sec) | DB: 0.00000 (0%) |  [http://localhostcontexts/find_all]
Sending data 
Completed in 0.01637 (61 reqs/sec) | Rendering: 0.00019 (1%) | DB: 0.00000 (0%) | 200 OK [http://localhostcontexts/find_all]


Processing RubyamfController#gateway (for 127.0.0.1 at 2008-08-17 01:30:56) [POST]
  Session ID: BAh7BiIKZmxhc2hJQzonQWN0aW9uQ29udHJvbGxlcjo6Rmxhc2g6OkZsYXNo
SGFzaHsABjoKQHVzZWR7AA==--4b4d23336279a961697529df6ac62ad92c2d812c
  Parameters: {"action"=>"gateway", "controller"=>"rubyamf"}
Sending data 
Completed in 0.00423 (236 reqs/sec) | Rendering: 0.00019 (4%) | DB: 0.00000 (0%) | 200 OK [http://localhost/rubyamf_gateway/]


Processing RubyamfController#gateway (for 127.0.0.1 at 2008-08-17 01:30:56) [POST]
  Session ID: BAh7BiIKZmxhc2hJQzonQWN0aW9uQ29udHJvbGxlcjo6Rmxhc2g6OkZsYXNo
SGFzaHsABjoKQHVzZWR7AA==--4b4d23336279a961697529df6ac62ad92c2d812c
  Parameters: {"action"=>"gateway", "controller"=>"rubyamf"}


Processing TasksController#find_all (for 127.0.0.1 at 2008-08-17 01:30:56) [POST]
  Session ID: BAh7BiIKZmxhc2hJQzonQWN0aW9uQ29udHJvbGxlcjo6Rmxhc2g6OkZsYXNo
SGFzaHsABjoKQHVzZWR7AA==--4b4d23336279a961697529df6ac62ad92c2d812c
  Parameters: {"context_id"=>1, 0=>{"context_id"=>1}, "action"=>"find_all", "controller"=>"tasks"}
  [4;35;1mContext Load (0.000375)[0m   [0mSELECT * FROM "contexts" WHERE ("contexts"."id" = 1) [0m
Rendering tasks/find_all
Completed in 0.01219 (82 reqs/sec) | DB: 0.00000 (0%) |  [http://localhosttasks/find_all]
  [4;36;1mTask Load (0.000368)[0m   [0;1mSELECT * FROM "tasks" WHERE ("tasks".context_id = 1) [0m
Sending data 
Completed in 0.02098 (47 reqs/sec) | Rendering: 0.00020 (0%) | DB: 0.00037 (1%) | 200 OK [http://localhosttasks/find_all]


Processing RubyamfController#gateway (for 127.0.0.1 at 2008-08-17 01:30:59) [POST]
  Session ID: BAh7BiIKZmxhc2hJQzonQWN0aW9uQ29udHJvbGxlcjo6Rmxhc2g6OkZsYXNo
SGFzaHsABjoKQHVzZWR7AA==--4b4d23336279a961697529df6ac62ad92c2d812c
  Parameters: {"action"=>"gateway", "controller"=>"rubyamf"}


Processing TasksController#find_all (for 127.0.0.1 at 2008-08-17 01:30:59) [POST]
  Session ID: BAh7BiIKZmxhc2hJQzonQWN0aW9uQ29udHJvbGxlcjo6Rmxhc2g6OkZsYXNo
SGFzaHsABjoKQHVzZWR7AA==--4b4d23336279a961697529df6ac62ad92c2d812c
  Parameters: {"context_id"=>2, 0=>{"context_id"=>2}, "action"=>"find_all", "controller"=>"tasks"}
  [4;35;1mContext Load (0.000612)[0m   [0mSELECT * FROM "contexts" WHERE ("contexts"."id" = 2) [0m
Rendering tasks/find_all
Completed in 0.01117 (89 reqs/sec) | DB: 0.00000 (0%) |  [http://localhosttasks/find_all]
  [4;36;1mTask Load (0.000206)[0m   [0;1mSELECT * FROM "tasks" WHERE ("tasks".context_id = 2) [0m
Sending data 
Completed in 0.01852 (53 reqs/sec) | Rendering: 0.00017 (0%) | DB: 0.00021 (1%) | 200 OK [http://localhosttasks/find_all]


Processing RubyamfController#gateway (for 127.0.0.1 at 2008-08-17 01:32:43) [POST]
  Session ID: BAh7BiIKZmxhc2hJQzonQWN0aW9uQ29udHJvbGxlcjo6Rmxhc2g6OkZsYXNo
SGFzaHsABjoKQHVzZWR7AA==--4b4d23336279a961697529df6ac62ad92c2d812c
  Parameters: {"action"=>"gateway", "controller"=>"rubyamf"}
Sending data 
Completed in 0.00432 (231 reqs/sec) | Rendering: 0.00027 (6%) | DB: 0.00000 (0%) | 200 OK [http://localhost/rubyamf_gateway/]


Processing RubyamfController#gateway (for 127.0.0.1 at 2008-08-17 01:32:43) [POST]
  Session ID: BAh7BiIKZmxhc2hJQzonQWN0aW9uQ29udHJvbGxlcjo6Rmxhc2g6OkZsYXNo
SGFzaHsABjoKQHVzZWR7AA==--4b4d23336279a961697529df6ac62ad92c2d812c
  Parameters: {"action"=>"gateway", "controller"=>"rubyamf"}


Processing ContextsController#find_all (for 127.0.0.1 at 2008-08-17 01:32:43) [POST]
  Session ID: BAh7BiIKZmxhc2hJQzonQWN0aW9uQ29udHJvbGxlcjo6Rmxhc2g6OkZsYXNo
SGFzaHsABjoKQHVzZWR7AA==--4b4d23336279a961697529df6ac62ad92c2d812c
  Parameters: {"action"=>"find_all", "controller"=>"contexts"}
  [4;36;1mContext Load (0.000740)[0m   [0;1mSELECT * FROM "contexts" [0m
Rendering contexts/find_all
Completed in 0.00668 (149 reqs/sec) | DB: 0.00000 (0%) |  [http://localhostcontexts/find_all]
Sending data 
Completed in 0.01637 (61 reqs/sec) | Rendering: 0.00019 (1%) | DB: 0.00000 (0%) | 200 OK [http://localhostcontexts/find_all]


Processing RubyamfController#gateway (for 127.0.0.1 at 2008-08-17 01:32:45) [POST]
  Session ID: BAh7BiIKZmxhc2hJQzonQWN0aW9uQ29udHJvbGxlcjo6Rmxhc2g6OkZsYXNo
SGFzaHsABjoKQHVzZWR7AA==--4b4d23336279a961697529df6ac62ad92c2d812c
  Parameters: {"action"=>"gateway", "controller"=>"rubyamf"}
Sending data 
Completed in 0.00351 (285 reqs/sec) | Rendering: 0.00032 (9%) | DB: 0.00000 (0%) | 200 OK [http://localhost/rubyamf_gateway/]


Processing RubyamfController#gateway (for 127.0.0.1 at 2008-08-17 01:32:45) [POST]
  Session ID: BAh7BiIKZmxhc2hJQzonQWN0aW9uQ29udHJvbGxlcjo6Rmxhc2g6OkZsYXNo
SGFzaHsABjoKQHVzZWR7AA==--4b4d23336279a961697529df6ac62ad92c2d812c
  Parameters: {"action"=>"gateway", "controller"=>"rubyamf"}


Processing TasksController#find_all (for 127.0.0.1 at 2008-08-17 01:32:45) [POST]
  Session ID: BAh7BiIKZmxhc2hJQzonQWN0aW9uQ29udHJvbGxlcjo6Rmxhc2g6OkZsYXNo
SGFzaHsABjoKQHVzZWR7AA==--4b4d23336279a961697529df6ac62ad92c2d812c
  Parameters: {"context_id"=>1, 0=>{"context_id"=>1}, "action"=>"find_all", "controller"=>"tasks"}
  [4;35;1mContext Load (0.000420)[0m   [0mSELECT * FROM "contexts" WHERE ("contexts"."id" = 1) [0m
Rendering tasks/find_all
Completed in 0.01238 (80 reqs/sec) | DB: 0.00000 (0%) |  [http://localhosttasks/find_all]
  [4;36;1mTask Load (0.000561)[0m   [0;1mSELECT * FROM "tasks" WHERE ("tasks".context_id = 1) [0m
Sending data 
Completed in 0.02356 (42 reqs/sec) | Rendering: 0.00020 (0%) | DB: 0.00056 (2%) | 200 OK [http://localhosttasks/find_all]


Processing RubyamfController#gateway (for 127.0.0.1 at 2008-08-17 01:32:47) [POST]
  Session ID: BAh7BiIKZmxhc2hJQzonQWN0aW9uQ29udHJvbGxlcjo6Rmxhc2g6OkZsYXNo
SGFzaHsABjoKQHVzZWR7AA==--4b4d23336279a961697529df6ac62ad92c2d812c
  Parameters: {"action"=>"gateway", "controller"=>"rubyamf"}


Processing TasksController#save (for 127.0.0.1 at 2008-08-17 01:32:47) [POST]
  Session ID: BAh7BiIKZmxhc2hJQzonQWN0aW9uQ29udHJvbGxlcjo6Rmxhc2g6OkZsYXNo
SGFzaHsABjoKQHVzZWR7AA==--4b4d23336279a961697529df6ac62ad92c2d812c
  Parameters: {"context_id"=>1, 0=>{"context_id"=>1, "task"=>#<Task id: 50192205, label: "Finish 360 Preso", context_id: 1>}, "action"=>"save", "task"=>#<Task id: 50192205, label: "Finish 360 Preso", context_id: 1>, "controller"=>"tasks"}
  [4;35;1mContext Load (0.000304)[0m   [0mSELECT * FROM "contexts" WHERE ("contexts"."id" = 1) [0m
  [4;36;1mCACHE (0.000000)[0m   [0;1mSELECT * FROM "contexts" WHERE ("contexts"."id" = 1) [0m
Rendering tasks/save
Completed in 0.07916 (12 reqs/sec) | DB: 0.00000 (0%) |  [http://localhosttasks/save]
Sending data 
Completed in 0.09119 (10 reqs/sec) | Rendering: 0.00018 (0%) | DB: 0.00000 (0%) | 200 OK [http://localhosttasks/save]


Processing RubyamfController#gateway (for 127.0.0.1 at 2008-08-17 01:33:21) [POST]
  Session ID: BAh7BiIKZmxhc2hJQzonQWN0aW9uQ29udHJvbGxlcjo6Rmxhc2g6OkZsYXNo
SGFzaHsABjoKQHVzZWR7AA==--4b4d23336279a961697529df6ac62ad92c2d812c
  Parameters: {"action"=>"gateway", "controller"=>"rubyamf"}


Processing TasksController#find_all (for 127.0.0.1 at 2008-08-17 01:33:21) [POST]
  Session ID: BAh7BiIKZmxhc2hJQzonQWN0aW9uQ29udHJvbGxlcjo6Rmxhc2g6OkZsYXNo
SGFzaHsABjoKQHVzZWR7AA==--4b4d23336279a961697529df6ac62ad92c2d812c
  Parameters: {"context_id"=>3, 0=>{"context_id"=>3}, "action"=>"find_all", "controller"=>"tasks"}
  [4;35;1mContext Load (0.000465)[0m   [0mSELECT * FROM "contexts" WHERE ("contexts"."id" = 3) [0m
Rendering tasks/find_all
Completed in 0.01280 (78 reqs/sec) | DB: 0.00000 (0%) |  [http://localhosttasks/find_all]
  [4;36;1mTask Load (0.000344)[0m   [0;1mSELECT * FROM "tasks" WHERE ("tasks".context_id = 3) [0m
Sending data 
Completed in 0.02304 (43 reqs/sec) | Rendering: 0.00019 (0%) | DB: 0.00034 (1%) | 200 OK [http://localhosttasks/find_all]
  [4;36;1mSQL (0.000638)[0m   [0;1mSELECT version FROM schema_migrations[0m
DEPRECATION WARNING: unverifiable_types is deprecated and has no effect. (called from /Users/tony/work/preso_code/flex_and_rails/rails_stuff/vendor/plugins/rubyamf/app/mime_type.rb:3)
  [4;36;1mSQL (0.8ms)[0m   [0;1m SELECT name
 FROM sqlite_master
 WHERE type = 'table' AND NOT name = 'sqlite_sequence'
[0m
  [4;35;1mSQL (0.5ms)[0m   [0mSELECT version FROM schema_migrations[0m
Migrating to CreateContexts (20080817071838)
Migrating to CreateTasks (20080817071858)
  [4;36;1mSQL (0.4ms)[0m   [0;1mselect sqlite_version(*)[0m
  [4;35;1mSQL (0.6ms)[0m   [0m SELECT name
 FROM sqlite_master
 WHERE type = 'table' AND NOT name = 'sqlite_sequence'
[0m
  [4;36;1mSQL (0.5ms)[0m   [0;1mSELECT version FROM schema_migrations[0m
  [4;35;1mSQL (0.6ms)[0m   [0m SELECT name
 FROM sqlite_master
 WHERE type = 'table' AND NOT name = 'sqlite_sequence'
[0m
  [4;36;1mSQL (0.2ms)[0m   [0;1mPRAGMA index_list("contexts")[0m
  [4;35;1mSQL (0.2ms)[0m   [0mPRAGMA index_list("tasks")[0m
DEPRECATION WARNING: unverifiable_types is deprecated and has no effect. (called from /Users/tony/work/preso_code/flex_and_rails/rails_stuff/vendor/plugins/rubyamf/app/mime_type.rb:3)


Processing RubyamfController#gateway (for 127.0.0.1 at 2009-05-05 08:50:03) [POST]
Sending data 
Completed in 14ms (View: 1, DB: 0) | 200 OK [http://localhost/rubyamf_gateway/]


Processing RubyamfController#gateway (for 127.0.0.1 at 2009-05-05 08:50:03) [POST]
Sending data 
Completed in 32ms (View: 1, DB: 0) | 200 OK [http://localhost/rubyamf_gateway/]
DEPRECATION WARNING: unverifiable_types is deprecated and has no effect. (called from /Users/tony/work/preso_code/flex_and_rails/rails_stuff/vendor/plugins/rubyamf/app/mime_type.rb:3)


Processing RubyamfController#gateway (for 127.0.0.1 at 2009-05-05 08:50:49) [POST]
Sending data 
Completed in 13ms (View: 1, DB: 0) | 200 OK [http://localhost/rubyamf_gateway/]


Processing RubyamfController#gateway (for 127.0.0.1 at 2009-05-05 08:50:49) [POST]


Processing ContextsController#find_all (for 127.0.0.1 at 2009-05-05 08:50:49) [POST]
  [4;36;1mContext Load (1.4ms)[0m   [0;1mSELECT * FROM "contexts" [0m
Completed in 26ms (DB: 0) | 200 [http://localhostcontexts/find_all]
Sending data 
Completed in 108ms (View: 1, DB: 0) | 200 OK [http://localhostcontexts/find_all]


Processing RubyamfController#gateway (for 127.0.0.1 at 2009-05-05 08:50:51) [POST]
Sending data 
Completed in 13ms (View: 1, DB: 0) | 200 OK [http://localhost/rubyamf_gateway/]


Processing RubyamfController#gateway (for 127.0.0.1 at 2009-05-05 08:50:51) [POST]


Processing TasksController#find_all (for 127.0.0.1 at 2009-05-05 08:50:51) [POST]
  Parameters: {"context_id"=>1, 0=>{"context_id"=>1}}
  [4;35;1mContext Load (0.8ms)[0m   [0mSELECT * FROM "contexts" WHERE ("contexts"."id" = 1) [0m
Completed in 69ms (DB: 0) | 200 [http://localhosttasks/find_all]
  [4;36;1mTask Load (8.1ms)[0m   [0;1mSELECT * FROM "tasks" WHERE ("tasks".context_id = 1) [0m
Sending data 
Completed in 158ms (View: 1, DB: 8) | 200 OK [http://localhosttasks/find_all]


Processing RubyamfController#gateway (for 127.0.0.1 at 2009-05-05 08:50:51) [POST]


Processing TasksController#find_all (for 127.0.0.1 at 2009-05-05 08:50:52) [POST]
  Parameters: {"context_id"=>2, 0=>{"context_id"=>2}}
  [4;35;1mContext Load (0.6ms)[0m   [0mSELECT * FROM "contexts" WHERE ("contexts"."id" = 2) [0m
Completed in 41ms (DB: 0) | 200 [http://localhosttasks/find_all]
  [4;36;1mTask Load (1.0ms)[0m   [0;1mSELECT * FROM "tasks" WHERE ("tasks".context_id = 2) [0m
Sending data 
Completed in 177ms (View: 1, DB: 1) | 200 OK [http://localhosttasks/find_all]
